{"/home/travis/build/npmtest/node-npmtest-json/test.js":{"path":"/home/travis/build/npmtest/node-npmtest-json/test.js","s":{"1":2,"2":2,"3":2,"4":2,"5":2,"6":2,"7":2,"8":1,"9":2,"10":2,"11":1,"12":1,"13":1,"14":1,"15":2,"16":2,"17":2,"18":2,"19":1,"20":1,"21":2,"22":2,"23":2,"24":1,"25":1,"26":1,"27":1,"28":1,"29":1,"30":1,"31":1,"32":1,"33":1,"34":1,"35":1,"36":1,"37":2,"38":2,"39":1,"40":2,"41":2,"42":1,"43":2,"44":2,"45":1,"46":2,"47":2,"48":1,"49":1,"50":1,"51":1,"52":1},"b":{"1":[2,1,1,1],"2":[1,1,1,1],"3":[1,1],"4":[1,1],"5":[1,1],"6":[1,1],"7":[1,1],"8":[1,1],"9":[1,1,1],"10":[1,1],"11":[1,1],"12":[1,1],"13":[1,1],"14":[1,1],"15":[1,1],"16":[1,1]},"f":{"1":2,"2":2,"3":2,"4":2,"5":2,"6":1,"7":1,"8":2,"9":2,"10":2,"11":2,"12":1},"fnMap":{"1":{"name":"(anonymous_1)","line":12,"loc":{"start":{"line":12,"column":1},"end":{"line":12,"column":13}}},"2":{"name":"(anonymous_2)","line":19,"loc":{"start":{"line":19,"column":5},"end":{"line":19,"column":17}}},"3":{"name":"(anonymous_3)","line":23,"loc":{"start":{"line":23,"column":24},"end":{"line":23,"column":36}}},"4":{"name":"(anonymous_4)","line":61,"loc":{"start":{"line":61,"column":5},"end":{"line":61,"column":17}}},"5":{"name":"(anonymous_5)","line":82,"loc":{"start":{"line":82,"column":5},"end":{"line":82,"column":17}}},"6":{"name":"(anonymous_6)","line":102,"loc":{"start":{"line":102,"column":83},"end":{"line":105,"column":10}},"skip":true},"7":{"name":"(anonymous_7)","line":113,"loc":{"start":{"line":113,"column":77},"end":{"line":116,"column":10}},"skip":true},"8":{"name":"(anonymous_8)","line":129,"loc":{"start":{"line":129,"column":12},"end":{"line":129,"column":40}},"skip":true},"9":{"name":"(anonymous_9)","line":137,"loc":{"start":{"line":137,"column":77},"end":{"line":140,"column":10}},"skip":true},"10":{"name":"(anonymous_10)","line":148,"loc":{"start":{"line":148,"column":83},"end":{"line":151,"column":10}},"skip":true},"11":{"name":"(anonymous_11)","line":159,"loc":{"start":{"line":159,"column":79},"end":{"line":162,"column":10}},"skip":true},"12":{"name":"(anonymous_12)","line":170,"loc":{"start":{"line":170,"column":75},"end":{"line":173,"column":10}},"skip":true}},"statementMap":{"1":{"start":{"line":12,"column":0},"end":{"line":185,"column":5}},"2":{"start":{"line":14,"column":4},"end":{"line":14,"column":14}},"3":{"start":{"line":19,"column":4},"end":{"line":56,"column":9}},"4":{"start":{"line":21,"column":8},"end":{"line":21,"column":19}},"5":{"start":{"line":23,"column":8},"end":{"line":35,"column":13}},"6":{"start":{"line":24,"column":12},"end":{"line":34,"column":13}},"7":{"start":{"line":25,"column":16},"end":{"line":28,"column":30}},"8":{"start":{"line":30,"column":16},"end":{"line":33,"column":27}},"9":{"start":{"line":37,"column":8},"end":{"line":39,"column":21}},"10":{"start":{"line":40,"column":8},"end":{"line":53,"column":9}},"11":{"start":{"line":43,"column":12},"end":{"line":46,"column":14}},"12":{"start":{"line":47,"column":12},"end":{"line":47,"column":18}},"13":{"start":{"line":50,"column":12},"end":{"line":51,"column":46}},"14":{"start":{"line":52,"column":12},"end":{"line":52,"column":18}},"15":{"start":{"line":55,"column":8},"end":{"line":55,"column":35}},"16":{"start":{"line":61,"column":4},"end":{"line":63,"column":9}},"17":{"start":{"line":62,"column":8},"end":{"line":62,"column":15}},"18":{"start":{"line":64,"column":4},"end":{"line":77,"column":5}},"19":{"start":{"line":70,"column":8},"end":{"line":70,"column":14}},"20":{"start":{"line":76,"column":8},"end":{"line":76,"column":14}},"21":{"start":{"line":82,"column":4},"end":{"line":84,"column":9}},"22":{"start":{"line":83,"column":8},"end":{"line":83,"column":15}},"23":{"start":{"line":85,"column":4},"end":{"line":184,"column":5}},"24":{"start":{"line":92,"column":8},"end":{"line":94,"column":63}},"25":{"start":{"line":95,"column":8},"end":{"line":95,"column":14}},"26":{"start":{"line":102,"column":8},"end":{"line":111,"column":10},"skip":true},"27":{"start":{"line":109,"column":12},"end":{"line":109,"column":55},"skip":true},"28":{"start":{"line":110,"column":12},"end":{"line":110,"column":48},"skip":true},"29":{"start":{"line":113,"column":8},"end":{"line":126,"column":10},"skip":true},"30":{"start":{"line":120,"column":12},"end":{"line":120,"column":76},"skip":true},"31":{"start":{"line":121,"column":12},"end":{"line":121,"column":73},"skip":true},"32":{"start":{"line":122,"column":12},"end":{"line":122,"column":74},"skip":true},"33":{"start":{"line":123,"column":12},"end":{"line":123,"column":79},"skip":true},"34":{"start":{"line":124,"column":12},"end":{"line":124,"column":25},"skip":true},"35":{"start":{"line":125,"column":12},"end":{"line":125,"column":45},"skip":true},"36":{"start":{"line":128,"column":8},"end":{"line":135,"column":14},"skip":true},"37":{"start":{"line":133,"column":16},"end":{"line":133,"column":29},"skip":true},"38":{"start":{"line":134,"column":16},"end":{"line":134,"column":55},"skip":true},"39":{"start":{"line":137,"column":8},"end":{"line":146,"column":10},"skip":true},"40":{"start":{"line":144,"column":12},"end":{"line":144,"column":25},"skip":true},"41":{"start":{"line":145,"column":12},"end":{"line":145,"column":45},"skip":true},"42":{"start":{"line":148,"column":8},"end":{"line":157,"column":10},"skip":true},"43":{"start":{"line":155,"column":12},"end":{"line":155,"column":25},"skip":true},"44":{"start":{"line":156,"column":12},"end":{"line":156,"column":48},"skip":true},"45":{"start":{"line":159,"column":8},"end":{"line":168,"column":10},"skip":true},"46":{"start":{"line":166,"column":12},"end":{"line":166,"column":25},"skip":true},"47":{"start":{"line":167,"column":12},"end":{"line":167,"column":46},"skip":true},"48":{"start":{"line":170,"column":8},"end":{"line":179,"column":10},"skip":true},"49":{"start":{"line":177,"column":12},"end":{"line":177,"column":94},"skip":true},"50":{"start":{"line":178,"column":12},"end":{"line":178,"column":48},"skip":true},"51":{"start":{"line":182,"column":8},"end":{"line":182,"column":35},"skip":true},"52":{"start":{"line":183,"column":8},"end":{"line":183,"column":14},"skip":true}},"branchMap":{"1":{"line":25,"type":"binary-expr","locations":[{"start":{"line":25,"column":23},"end":{"line":25,"column":62}},{"start":{"line":26,"column":20},"end":{"line":26,"column":70}},{"start":{"line":27,"column":20},"end":{"line":27,"column":71}},{"start":{"line":28,"column":20},"end":{"line":28,"column":29}}]},"2":{"line":30,"type":"binary-expr","locations":[{"start":{"line":30,"column":23},"end":{"line":30,"column":37}},{"start":{"line":31,"column":20},"end":{"line":31,"column":61}},{"start":{"line":32,"column":20},"end":{"line":32,"column":70}},{"start":{"line":33,"column":20},"end":{"line":33,"column":26}}]},"3":{"line":37,"type":"cond-expr","locations":[{"start":{"line":38,"column":14},"end":{"line":38,"column":20}},{"start":{"line":39,"column":14},"end":{"line":39,"column":20}}]},"4":{"line":40,"type":"switch","locations":[{"start":{"line":42,"column":8},"end":{"line":47,"column":18}},{"start":{"line":49,"column":8},"end":{"line":52,"column":18}}]},"5":{"line":44,"type":"binary-expr","locations":[{"start":{"line":44,"column":16},"end":{"line":44,"column":44}},{"start":{"line":44,"column":48},"end":{"line":44,"column":66}}]},"6":{"line":50,"type":"binary-expr","locations":[{"start":{"line":50,"column":21},"end":{"line":50,"column":49}},{"start":{"line":50,"column":53},"end":{"line":50,"column":72}}]},"7":{"line":64,"type":"switch","locations":[{"start":{"line":69,"column":4},"end":{"line":70,"column":14}},{"start":{"line":75,"column":4},"end":{"line":76,"column":14}}]},"8":{"line":85,"type":"switch","locations":[{"start":{"line":90,"column":4},"end":{"line":95,"column":14}},{"start":{"line":101,"column":4},"end":{"line":183,"column":14},"skip":true}]},"9":{"line":92,"type":"binary-expr","locations":[{"start":{"line":92,"column":18},"end":{"line":92,"column":32}},{"start":{"line":93,"column":12},"end":{"line":93,"column":53}},{"start":{"line":94,"column":12},"end":{"line":94,"column":61}}]},"10":{"line":102,"type":"binary-expr","locations":[{"start":{"line":102,"column":45},"end":{"line":102,"column":79},"skip":true},{"start":{"line":102,"column":83},"end":{"line":111,"column":9},"skip":true}]},"11":{"line":113,"type":"binary-expr","locations":[{"start":{"line":113,"column":42},"end":{"line":113,"column":73},"skip":true},{"start":{"line":113,"column":77},"end":{"line":126,"column":9},"skip":true}]},"12":{"line":128,"type":"binary-expr","locations":[{"start":{"line":128,"column":48},"end":{"line":128,"column":85},"skip":true},{"start":{"line":129,"column":12},"end":{"line":135,"column":13},"skip":true}]},"13":{"line":137,"type":"binary-expr","locations":[{"start":{"line":137,"column":42},"end":{"line":137,"column":73},"skip":true},{"start":{"line":137,"column":77},"end":{"line":146,"column":9},"skip":true}]},"14":{"line":148,"type":"binary-expr","locations":[{"start":{"line":148,"column":45},"end":{"line":148,"column":79},"skip":true},{"start":{"line":148,"column":83},"end":{"line":157,"column":9},"skip":true}]},"15":{"line":159,"type":"binary-expr","locations":[{"start":{"line":159,"column":43},"end":{"line":159,"column":75},"skip":true},{"start":{"line":159,"column":79},"end":{"line":168,"column":9},"skip":true}]},"16":{"line":170,"type":"binary-expr","locations":[{"start":{"line":170,"column":41},"end":{"line":170,"column":71},"skip":true},{"start":{"line":170,"column":75},"end":{"line":179,"column":9},"skip":true}]}},"code":["/* istanbul instrument in package npmtest_json */","/*jslint","    bitwise: true,","    browser: true,","    maxerr: 8,","    maxlen: 96,","    node: true,","    nomen: true,","    regexp: true,","    stupid: true","*/","(function () {","    'use strict';","    var local;","","","","    // run shared js-env code - pre-init","    (function () {","        // init local","        local = {};","        // init modeJs","        local.modeJs = (function () {","            try {","                return typeof navigator.userAgent === 'string' &&","                    typeof document.querySelector('body') === 'object' &&","                    typeof XMLHttpRequest.prototype.open === 'function' &&","                    'browser';","            } catch (errorCaughtBrowser) {","                return module.exports &&","                    typeof process.versions.node === 'string' &&","                    typeof require('http').createServer === 'function' &&","                    'node';","            }","        }());","        // init global","        local.global = local.modeJs === 'browser'","            ? window","            : global;","        switch (local.modeJs) {","        // re-init local from window.local","        case 'browser':","            local = local.global.utility2.objectSetDefault(","                local.global.utility2_rollup || local.global.local,","                local.global.utility2","            );","            break;","        // re-init local from example.js","        case 'node':","            local = (local.global.utility2_rollup || require('utility2'))","                .requireExampleJsFromReadme();","            break;","        }","        // export local","        local.global.local = local;","    }());","","","","    // run shared js-env code - function","    (function () {","        return;","    }());","    switch (local.modeJs) {","","","","    // run browser js-env code - function","    case 'browser':","        break;","","","","    // run node js-env code - function","    case 'node':","        break;","    }","","","","    // run shared js-env code - post-init","    (function () {","        return;","    }());","    switch (local.modeJs) {","","","","    // run browser js-env code - post-init","    case 'browser':","        // run tests","        local.nop(local.modeTest &&","            document.querySelector('#testRunButton1') &&","            document.querySelector('#testRunButton1').click());","        break;","","","","    // run node js-env code - post-init","    /* istanbul ignore next */","    case 'node':","        local.testCase_buildApidoc_default = local.testCase_buildApidoc_default || function (","            options,","            onError","        ) {","        /*","         * this function will test buildApidoc's default handling-behavior-behavior","         */","            options = { modulePathList: module.paths };","            local.buildApidoc(options, onError);","        };","","        local.testCase_buildApp_default = local.testCase_buildApp_default || function (","            options,","            onError","        ) {","        /*","         * this function will test buildApp's default handling-behavior-behavior","         */","            local.testCase_buildReadme_default(options, local.onErrorThrow);","            local.testCase_buildLib_default(options, local.onErrorThrow);","            local.testCase_buildTest_default(options, local.onErrorThrow);","            local.testCase_buildCustomOrg_default(options, local.onErrorThrow);","            options = [];","            local.buildApp(options, onError);","        };","","        local.testCase_buildCustomOrg_default = local.testCase_buildCustomOrg_default ||","            function (options, onError) {","            /*","             * this function will test buildCustomOrg's default handling-behavior","             */","                options = {};","                local.buildCustomOrg(options, onError);","            };","","        local.testCase_buildLib_default = local.testCase_buildLib_default || function (","            options,","            onError","        ) {","        /*","         * this function will test buildLib's default handling-behavior","         */","            options = {};","            local.buildLib(options, onError);","        };","","        local.testCase_buildReadme_default = local.testCase_buildReadme_default || function (","            options,","            onError","        ) {","        /*","         * this function will test buildReadme's default handling-behavior-behavior","         */","            options = {};","            local.buildReadme(options, onError);","        };","","        local.testCase_buildTest_default = local.testCase_buildTest_default || function (","            options,","            onError","        ) {","        /*","         * this function will test buildTest's default handling-behavior","         */","            options = {};","            local.buildTest(options, onError);","        };","","        local.testCase_webpage_default = local.testCase_webpage_default || function (","            options,","            onError","        ) {","        /*","         * this function will test webpage's default handling-behavior","         */","            options = { modeCoverageMerge: true, url: local.serverLocalHost + '?modeTest=1' };","            local.browserTest(options, onError);","        };","","        // run test-server","        local.testRunServer(local);","        break;","    }","}());",""],"l":{"12":2,"14":2,"19":2,"21":2,"23":2,"24":2,"25":2,"30":1,"37":2,"40":2,"43":1,"47":1,"50":1,"52":1,"55":2,"61":2,"62":2,"64":2,"70":1,"76":1,"82":2,"83":2,"85":2,"92":1,"95":1,"102":1,"109":1,"110":1,"113":1,"120":1,"121":1,"122":1,"123":1,"124":1,"125":1,"128":1,"133":2,"134":2,"137":1,"144":2,"145":2,"148":1,"155":2,"156":2,"159":1,"166":2,"167":2,"170":1,"177":1,"178":1,"182":1,"183":1}},"/home/travis/build/npmtest/node-npmtest-json/lib.npmtest_json.js":{"path":"/home/travis/build/npmtest/node-npmtest-json/lib.npmtest_json.js","s":{"1":2,"2":2,"3":2,"4":2,"5":2,"6":2,"7":2,"8":1,"9":2,"10":2,"11":2,"12":2,"13":1,"14":1,"15":1,"16":1},"b":{"1":[2,1,1,1],"2":[1,1,1,1],"3":[1,1],"4":[2,2],"5":[1,1]},"f":{"1":2,"2":2,"3":2},"fnMap":{"1":{"name":"(anonymous_1)","line":12,"loc":{"start":{"line":12,"column":1},"end":{"line":12,"column":13}}},"2":{"name":"(anonymous_2)","line":19,"loc":{"start":{"line":19,"column":5},"end":{"line":19,"column":17}}},"3":{"name":"(anonymous_3)","line":23,"loc":{"start":{"line":23,"column":24},"end":{"line":23,"column":36}}}},"statementMap":{"1":{"start":{"line":12,"column":0},"end":{"line":53,"column":5}},"2":{"start":{"line":14,"column":4},"end":{"line":14,"column":14}},"3":{"start":{"line":19,"column":4},"end":{"line":52,"column":9}},"4":{"start":{"line":21,"column":8},"end":{"line":21,"column":19}},"5":{"start":{"line":23,"column":8},"end":{"line":35,"column":13}},"6":{"start":{"line":24,"column":12},"end":{"line":34,"column":13}},"7":{"start":{"line":25,"column":16},"end":{"line":28,"column":30}},"8":{"start":{"line":30,"column":16},"end":{"line":33,"column":27}},"9":{"start":{"line":37,"column":8},"end":{"line":39,"column":21}},"10":{"start":{"line":41,"column":8},"end":{"line":41,"column":54}},"11":{"start":{"line":43,"column":8},"end":{"line":43,"column":49}},"12":{"start":{"line":45,"column":8},"end":{"line":51,"column":9}},"13":{"start":{"line":46,"column":12},"end":{"line":46,"column":55}},"14":{"start":{"line":48,"column":12},"end":{"line":48,"column":35}},"15":{"start":{"line":49,"column":12},"end":{"line":49,"column":49}},"16":{"start":{"line":50,"column":12},"end":{"line":50,"column":43}}},"branchMap":{"1":{"line":25,"type":"binary-expr","locations":[{"start":{"line":25,"column":23},"end":{"line":25,"column":62}},{"start":{"line":26,"column":20},"end":{"line":26,"column":70}},{"start":{"line":27,"column":20},"end":{"line":27,"column":71}},{"start":{"line":28,"column":20},"end":{"line":28,"column":29}}]},"2":{"line":30,"type":"binary-expr","locations":[{"start":{"line":30,"column":23},"end":{"line":30,"column":37}},{"start":{"line":31,"column":20},"end":{"line":31,"column":61}},{"start":{"line":32,"column":20},"end":{"line":32,"column":70}},{"start":{"line":33,"column":20},"end":{"line":33,"column":26}}]},"3":{"line":37,"type":"cond-expr","locations":[{"start":{"line":38,"column":14},"end":{"line":38,"column":20}},{"start":{"line":39,"column":14},"end":{"line":39,"column":20}}]},"4":{"line":41,"type":"binary-expr","locations":[{"start":{"line":41,"column":16},"end":{"line":41,"column":44}},{"start":{"line":41,"column":48},"end":{"line":41,"column":53}}]},"5":{"line":45,"type":"if","locations":[{"start":{"line":45,"column":8},"end":{"line":45,"column":8}},{"start":{"line":45,"column":8},"end":{"line":45,"column":8}}]}},"code":["/* istanbul instrument in package npmtest_json */","/*jslint","    bitwise: true,","    browser: true,","    maxerr: 8,","    maxlen: 96,","    node: true,","    nomen: true,","    regexp: true,","    stupid: true","*/","(function () {","    'use strict';","    var local;","","","","    // run shared js-env code - pre-init","    (function () {","        // init local","        local = {};","        // init modeJs","        local.modeJs = (function () {","            try {","                return typeof navigator.userAgent === 'string' &&","                    typeof document.querySelector('body') === 'object' &&","                    typeof XMLHttpRequest.prototype.open === 'function' &&","                    'browser';","            } catch (errorCaughtBrowser) {","                return module.exports &&","                    typeof process.versions.node === 'string' &&","                    typeof require('http').createServer === 'function' &&","                    'node';","            }","        }());","        // init global","        local.global = local.modeJs === 'browser'","            ? window","            : global;","        // init utility2_rollup","        local = local.global.utility2_rollup || local;","        // init lib","        local.local = local.npmtest_json = local;","        // init exports","        if (local.modeJs === 'browser') {","            local.global.utility2_npmtest_json = local;","        } else {","            module.exports = local;","            module.exports.__dirname = __dirname;","            module.exports.module = module;","        }","    }());","}());",""],"l":{"12":2,"14":2,"19":2,"21":2,"23":2,"24":2,"25":2,"30":1,"37":2,"41":2,"43":2,"45":2,"46":1,"48":1,"49":1,"50":1}},"/home/travis/build/npmtest/node-npmtest-json/example.js":{"path":"/home/travis/build/npmtest/node-npmtest-json/example.js","s":{"1":2,"2":2,"3":2,"4":2,"5":2,"6":2,"7":2,"8":1,"9":2,"10":2,"11":2,"12":2,"13":1,"14":2,"15":2,"16":2,"17":2,"18":2,"19":0,"20":2,"21":1,"22":1,"23":1,"24":1,"25":1,"26":0,"27":0,"28":1,"29":1,"30":2,"31":0,"32":0,"33":0,"34":1,"35":2,"36":2,"37":2,"38":2,"39":2,"40":2,"41":0,"42":2,"43":2,"44":2,"45":1,"46":3,"47":1,"48":1,"49":1,"50":1,"51":1,"52":1,"53":1,"54":1,"55":1,"56":1,"57":0,"58":1,"59":6,"60":6,"61":1,"62":2,"63":0,"64":2,"65":1,"66":1,"67":0,"68":0,"69":0,"70":0,"71":0,"72":0,"73":0,"74":0,"75":0,"76":0,"77":0,"78":0,"79":0,"80":0,"81":0,"82":0,"83":0},"b":{"1":[2,1,1,1],"2":[1,1,1,1],"3":[1,1],"4":[2,2],"5":[1,1],"6":[1,1],"7":[2,0],"8":[2,1,1,1,1,1],"9":[0,2,0],"10":[1,1],"11":[2,1,1],"12":[1,0],"13":[0,2],"14":[2,0,0,0,0,0,0],"15":[0,2],"16":[2,0],"17":[1,1],"18":[0,1],"19":[1,2,0,2],"20":[1,0],"21":[1,1],"22":[0,0],"23":[0,0],"24":[0,0],"25":[0,0],"26":[0,0],"27":[0,0],"28":[0,0]},"f":{"1":2,"2":2,"3":2,"4":2,"5":2,"6":2,"7":2,"8":2,"9":3,"10":1,"11":6,"12":0},"fnMap":{"1":{"name":"(anonymous_1)","line":26,"loc":{"start":{"line":26,"column":1},"end":{"line":26,"column":13}}},"2":{"name":"(anonymous_2)","line":33,"loc":{"start":{"line":33,"column":5},"end":{"line":33,"column":17}}},"3":{"name":"(anonymous_3)","line":37,"loc":{"start":{"line":37,"column":24},"end":{"line":37,"column":36}}},"4":{"name":"(anonymous_4)","line":69,"loc":{"start":{"line":69,"column":31},"end":{"line":69,"column":48}},"skip":true},"5":{"name":"(anonymous_5)","line":78,"loc":{"start":{"line":78,"column":26},"end":{"line":78,"column":45}},"skip":true},"6":{"name":"(anonymous_6)","line":123,"loc":{"start":{"line":123,"column":33},"end":{"line":123,"column":48}},"skip":true},"7":{"name":"(anonymous_7)","line":125,"loc":{"start":{"line":125,"column":27},"end":{"line":125,"column":39}},"skip":true},"8":{"name":"(anonymous_8)","line":133,"loc":{"start":{"line":133,"column":59},"end":{"line":133,"column":74}},"skip":true},"9":{"name":"(anonymous_9)","line":143,"loc":{"start":{"line":143,"column":45},"end":{"line":143,"column":62}},"skip":true},"10":{"name":"(anonymous_10)","line":144,"loc":{"start":{"line":144,"column":73},"end":{"line":144,"column":92}},"skip":true},"11":{"name":"(anonymous_11)","line":272,"loc":{"start":{"line":272,"column":51},"end":{"line":272,"column":77}},"skip":true},"12":{"name":"(anonymous_12)","line":314,"loc":{"start":{"line":314,"column":32},"end":{"line":314,"column":61}},"skip":true}},"statementMap":{"1":{"start":{"line":26,"column":0},"end":{"line":325,"column":5}},"2":{"start":{"line":28,"column":4},"end":{"line":28,"column":14}},"3":{"start":{"line":33,"column":4},"end":{"line":60,"column":9}},"4":{"start":{"line":35,"column":8},"end":{"line":35,"column":19}},"5":{"start":{"line":37,"column":8},"end":{"line":49,"column":13}},"6":{"start":{"line":38,"column":12},"end":{"line":48,"column":13}},"7":{"start":{"line":39,"column":16},"end":{"line":42,"column":30}},"8":{"start":{"line":44,"column":16},"end":{"line":47,"column":27}},"9":{"start":{"line":51,"column":8},"end":{"line":53,"column":21}},"10":{"start":{"line":55,"column":8},"end":{"line":57,"column":45}},"11":{"start":{"line":59,"column":8},"end":{"line":59,"column":35}},"12":{"start":{"line":61,"column":4},"end":{"line":324,"column":5}},"13":{"start":{"line":69,"column":8},"end":{"line":121,"column":10},"skip":true},"14":{"start":{"line":70,"column":12},"end":{"line":88,"column":13},"skip":true},"15":{"start":{"line":76,"column":16},"end":{"line":87,"column":19},"skip":true},"16":{"start":{"line":79,"column":20},"end":{"line":86,"column":21},"skip":true},"17":{"start":{"line":82,"column":24},"end":{"line":82,"column":43},"skip":true},"18":{"start":{"line":83,"column":24},"end":{"line":83,"column":30},"skip":true},"19":{"start":{"line":85,"column":24},"end":{"line":85,"column":49},"skip":true},"20":{"start":{"line":89,"column":12},"end":{"line":107,"column":13},"skip":true},"21":{"start":{"line":92,"column":16},"end":{"line":102,"column":17},"skip":true},"22":{"start":{"line":93,"column":20},"end":{"line":93,"column":86},"skip":true},"23":{"start":{"line":94,"column":20},"end":{"line":95,"column":45},"skip":true},"24":{"start":{"line":96,"column":20},"end":{"line":96,"column":42},"skip":true},"25":{"start":{"line":97,"column":20},"end":{"line":97,"column":48},"skip":true},"26":{"start":{"line":100,"column":20},"end":{"line":100,"column":85},"skip":true},"27":{"start":{"line":101,"column":20},"end":{"line":101,"column":96},"skip":true},"28":{"start":{"line":103,"column":16},"end":{"line":103,"column":22},"skip":true},"29":{"start":{"line":106,"column":16},"end":{"line":106,"column":22},"skip":true},"30":{"start":{"line":108,"column":12},"end":{"line":120,"column":13},"skip":true},"31":{"start":{"line":114,"column":16},"end":{"line":119,"column":17},"skip":true},"32":{"start":{"line":116,"column":20},"end":{"line":116,"column":78},"skip":true},"33":{"start":{"line":118,"column":20},"end":{"line":118,"column":53},"skip":true},"34":{"start":{"line":123,"column":8},"end":{"line":141,"column":11},"skip":true},"35":{"start":{"line":124,"column":12},"end":{"line":124,"column":54},"skip":true},"36":{"start":{"line":125,"column":12},"end":{"line":140,"column":14},"skip":true},"37":{"start":{"line":126,"column":16},"end":{"line":126,"column":28},"skip":true},"38":{"start":{"line":127,"column":16},"end":{"line":127,"column":69},"skip":true},"39":{"start":{"line":128,"column":16},"end":{"line":128,"column":75},"skip":true},"40":{"start":{"line":129,"column":16},"end":{"line":131,"column":17},"skip":true},"41":{"start":{"line":130,"column":20},"end":{"line":130,"column":27},"skip":true},"42":{"start":{"line":133,"column":16},"end":{"line":137,"column":36},"skip":true},"43":{"start":{"line":134,"column":20},"end":{"line":136,"column":55},"skip":true},"44":{"start":{"line":139,"column":16},"end":{"line":139,"column":57},"skip":true},"45":{"start":{"line":143,"column":8},"end":{"line":147,"column":11},"skip":true},"46":{"start":{"line":144,"column":12},"end":{"line":146,"column":15},"skip":true},"47":{"start":{"line":145,"column":16},"end":{"line":145,"column":70},"skip":true},"48":{"start":{"line":149,"column":8},"end":{"line":149,"column":31},"skip":true},"49":{"start":{"line":150,"column":8},"end":{"line":150,"column":14},"skip":true},"50":{"start":{"line":158,"column":8},"end":{"line":158,"column":31},"skip":true},"51":{"start":{"line":160,"column":8},"end":{"line":160,"column":33},"skip":true},"52":{"start":{"line":161,"column":8},"end":{"line":161,"column":37},"skip":true},"53":{"start":{"line":162,"column":8},"end":{"line":162,"column":35},"skip":true},"54":{"start":{"line":164,"column":8},"end":{"line":164,"column":50},"skip":true},"55":{"start":{"line":166,"column":8},"end":{"line":256,"column":2},"skip":true},"56":{"start":{"line":258,"column":8},"end":{"line":286,"column":9},"skip":true},"57":{"start":{"line":259,"column":12},"end":{"line":269,"column":14},"skip":true},"58":{"start":{"line":271,"column":12},"end":{"line":285,"column":19},"skip":true},"59":{"start":{"line":274,"column":20},"end":{"line":274,"column":35},"skip":true},"60":{"start":{"line":275,"column":20},"end":{"line":284,"column":21},"skip":true},"61":{"start":{"line":277,"column":24},"end":{"line":277,"column":64},"skip":true},"62":{"start":{"line":279,"column":24},"end":{"line":279,"column":40},"skip":true},"63":{"start":{"line":281,"column":24},"end":{"line":281,"column":40},"skip":true},"64":{"start":{"line":283,"column":24},"end":{"line":283,"column":39},"skip":true},"65":{"start":{"line":288,"column":8},"end":{"line":290,"column":9},"skip":true},"66":{"start":{"line":289,"column":12},"end":{"line":289,"column":18},"skip":true},"67":{"start":{"line":291,"column":8},"end":{"line":293,"column":54},"skip":true},"68":{"start":{"line":294,"column":8},"end":{"line":301,"column":37},"skip":true},"69":{"start":{"line":302,"column":8},"end":{"line":302,"column":82},"skip":true},"70":{"start":{"line":305,"column":8},"end":{"line":307,"column":9},"skip":true},"71":{"start":{"line":306,"column":12},"end":{"line":306,"column":82},"skip":true},"72":{"start":{"line":309,"column":8},"end":{"line":311,"column":9},"skip":true},"73":{"start":{"line":310,"column":12},"end":{"line":310,"column":18},"skip":true},"74":{"start":{"line":312,"column":8},"end":{"line":312,"column":54},"skip":true},"75":{"start":{"line":313,"column":8},"end":{"line":313,"column":69},"skip":true},"76":{"start":{"line":314,"column":8},"end":{"line":322,"column":36},"skip":true},"77":{"start":{"line":315,"column":12},"end":{"line":315,"column":61},"skip":true},"78":{"start":{"line":316,"column":12},"end":{"line":319,"column":13},"skip":true},"79":{"start":{"line":317,"column":16},"end":{"line":317,"column":75},"skip":true},"80":{"start":{"line":318,"column":16},"end":{"line":318,"column":23},"skip":true},"81":{"start":{"line":320,"column":12},"end":{"line":320,"column":38},"skip":true},"82":{"start":{"line":321,"column":12},"end":{"line":321,"column":27},"skip":true},"83":{"start":{"line":323,"column":8},"end":{"line":323,"column":14},"skip":true}},"branchMap":{"1":{"line":39,"type":"binary-expr","locations":[{"start":{"line":39,"column":23},"end":{"line":39,"column":62}},{"start":{"line":40,"column":20},"end":{"line":40,"column":70}},{"start":{"line":41,"column":20},"end":{"line":41,"column":71}},{"start":{"line":42,"column":20},"end":{"line":42,"column":29}}]},"2":{"line":44,"type":"binary-expr","locations":[{"start":{"line":44,"column":23},"end":{"line":44,"column":37}},{"start":{"line":45,"column":20},"end":{"line":45,"column":61}},{"start":{"line":46,"column":20},"end":{"line":46,"column":70}},{"start":{"line":47,"column":20},"end":{"line":47,"column":26}}]},"3":{"line":51,"type":"cond-expr","locations":[{"start":{"line":52,"column":14},"end":{"line":52,"column":20}},{"start":{"line":53,"column":14},"end":{"line":53,"column":20}}]},"4":{"line":55,"type":"binary-expr","locations":[{"start":{"line":55,"column":16},"end":{"line":55,"column":44}},{"start":{"line":55,"column":49},"end":{"line":57,"column":43}}]},"5":{"line":55,"type":"cond-expr","locations":[{"start":{"line":56,"column":14},"end":{"line":56,"column":48}},{"start":{"line":57,"column":14},"end":{"line":57,"column":43}}]},"6":{"line":61,"type":"switch","locations":[{"start":{"line":68,"column":4},"end":{"line":150,"column":14},"skip":true},{"start":{"line":156,"column":4},"end":{"line":323,"column":14},"skip":true}]},"7":{"line":70,"type":"if","locations":[{"start":{"line":70,"column":12},"end":{"line":70,"column":12},"skip":true},{"start":{"line":70,"column":12},"end":{"line":70,"column":12},"skip":true}]},"8":{"line":70,"type":"binary-expr","locations":[{"start":{"line":70,"column":16},"end":{"line":70,"column":22},"skip":true},{"start":{"line":70,"column":27},"end":{"line":70,"column":32},"skip":true},{"start":{"line":71,"column":20},"end":{"line":71,"column":39},"skip":true},{"start":{"line":72,"column":20},"end":{"line":72,"column":49},"skip":true},{"start":{"line":73,"column":20},"end":{"line":73,"column":58},"skip":true},{"start":{"line":74,"column":20},"end":{"line":74,"column":69},"skip":true}]},"9":{"line":79,"type":"switch","locations":[{"start":{"line":80,"column":20},"end":{"line":80,"column":33},"skip":true},{"start":{"line":81,"column":20},"end":{"line":83,"column":30},"skip":true},{"start":{"line":84,"column":20},"end":{"line":85,"column":49},"skip":true}]},"10":{"line":89,"type":"switch","locations":[{"start":{"line":90,"column":12},"end":{"line":103,"column":22},"skip":true},{"start":{"line":105,"column":12},"end":{"line":106,"column":22},"skip":true}]},"11":{"line":89,"type":"binary-expr","locations":[{"start":{"line":89,"column":20},"end":{"line":89,"column":25},"skip":true},{"start":{"line":89,"column":29},"end":{"line":89,"column":48},"skip":true},{"start":{"line":89,"column":52},"end":{"line":89,"column":74},"skip":true}]},"12":{"line":92,"type":"if","locations":[{"start":{"line":92,"column":16},"end":{"line":92,"column":16},"skip":true},{"start":{"line":92,"column":16},"end":{"line":92,"column":16},"skip":true}]},"13":{"line":108,"type":"if","locations":[{"start":{"line":108,"column":12},"end":{"line":108,"column":12},"skip":true},{"start":{"line":108,"column":12},"end":{"line":108,"column":12},"skip":true}]},"14":{"line":108,"type":"binary-expr","locations":[{"start":{"line":108,"column":16},"end":{"line":108,"column":61},"skip":true},{"start":{"line":108,"column":66},"end":{"line":108,"column":72},"skip":true},{"start":{"line":108,"column":77},"end":{"line":108,"column":82},"skip":true},{"start":{"line":109,"column":20},"end":{"line":109,"column":39},"skip":true},{"start":{"line":110,"column":20},"end":{"line":110,"column":49},"skip":true},{"start":{"line":111,"column":20},"end":{"line":111,"column":58},"skip":true},{"start":{"line":112,"column":20},"end":{"line":112,"column":68},"skip":true}]},"15":{"line":129,"type":"if","locations":[{"start":{"line":129,"column":16},"end":{"line":129,"column":16},"skip":true},{"start":{"line":129,"column":16},"end":{"line":129,"column":16},"skip":true}]},"16":{"line":134,"type":"cond-expr","locations":[{"start":{"line":135,"column":26},"end":{"line":135,"column":29},"skip":true},{"start":{"line":136,"column":26},"end":{"line":136,"column":54},"skip":true}]},"17":{"line":164,"type":"binary-expr","locations":[{"start":{"line":164,"column":27},"end":{"line":164,"column":43},"skip":true},{"start":{"line":164,"column":47},"end":{"line":164,"column":49},"skip":true}]},"18":{"line":258,"type":"if","locations":[{"start":{"line":258,"column":8},"end":{"line":258,"column":8},"skip":true},{"start":{"line":258,"column":8},"end":{"line":258,"column":8},"skip":true}]},"19":{"line":275,"type":"switch","locations":[{"start":{"line":276,"column":20},"end":{"line":277,"column":64},"skip":true},{"start":{"line":278,"column":20},"end":{"line":279,"column":40},"skip":true},{"start":{"line":280,"column":20},"end":{"line":281,"column":40},"skip":true},{"start":{"line":282,"column":20},"end":{"line":283,"column":39},"skip":true}]},"20":{"line":288,"type":"if","locations":[{"start":{"line":288,"column":8},"end":{"line":288,"column":8},"skip":true},{"start":{"line":288,"column":8},"end":{"line":288,"column":8},"skip":true}]},"21":{"line":288,"type":"binary-expr","locations":[{"start":{"line":288,"column":12},"end":{"line":288,"column":40},"skip":true},{"start":{"line":288,"column":44},"end":{"line":288,"column":67},"skip":true}]},"22":{"line":292,"type":"binary-expr","locations":[{"start":{"line":292,"column":12},"end":{"line":292,"column":50},"skip":true},{"start":{"line":293,"column":12},"end":{"line":293,"column":53},"skip":true}]},"23":{"line":295,"type":"binary-expr","locations":[{"start":{"line":295,"column":12},"end":{"line":295,"column":62},"skip":true},{"start":{"line":296,"column":12},"end":{"line":301,"column":36},"skip":true}]},"24":{"line":302,"type":"binary-expr","locations":[{"start":{"line":302,"column":43},"end":{"line":302,"column":75},"skip":true},{"start":{"line":302,"column":79},"end":{"line":302,"column":81},"skip":true}]},"25":{"line":305,"type":"if","locations":[{"start":{"line":305,"column":8},"end":{"line":305,"column":8},"skip":true},{"start":{"line":305,"column":8},"end":{"line":305,"column":8},"skip":true}]},"26":{"line":309,"type":"if","locations":[{"start":{"line":309,"column":8},"end":{"line":309,"column":8},"skip":true},{"start":{"line":309,"column":8},"end":{"line":309,"column":8},"skip":true}]},"27":{"line":312,"type":"binary-expr","locations":[{"start":{"line":312,"column":27},"end":{"line":312,"column":43},"skip":true},{"start":{"line":312,"column":47},"end":{"line":312,"column":53},"skip":true}]},"28":{"line":316,"type":"if","locations":[{"start":{"line":316,"column":12},"end":{"line":316,"column":12},"skip":true},{"start":{"line":316,"column":12},"end":{"line":316,"column":12},"skip":true}]}},"code":["/*","example.js","","quickstart example","","instruction","    1. save this script as example.js","    2. run the shell command:","        $ npm install npmtest-json && PORT=8081 node example.js","    3. play with the browser-demo on http://127.0.0.1:8081","*/","","","","/* istanbul instrument in package npmtest_json */","/*jslint","    bitwise: true,","    browser: true,","    maxerr: 8,","    maxlen: 96,","    node: true,","    nomen: true,","    regexp: true,","    stupid: true","*/","(function () {","    'use strict';","    var local;","","","","    // run shared js-env code - pre-init","    (function () {","        // init local","        local = {};","        // init modeJs","        local.modeJs = (function () {","            try {","                return typeof navigator.userAgent === 'string' &&","                    typeof document.querySelector('body') === 'object' &&","                    typeof XMLHttpRequest.prototype.open === 'function' &&","                    'browser';","            } catch (errorCaughtBrowser) {","                return module.exports &&","                    typeof process.versions.node === 'string' &&","                    typeof require('http').createServer === 'function' &&","                    'node';","            }","        }());","        // init global","        local.global = local.modeJs === 'browser'","            ? window","            : global;","        // init utility2_rollup","        local = local.global.utility2_rollup || (local.modeJs === 'browser'","            ? local.global.utility2_npmtest_json","            : global.utility2_moduleExports);","        // export local","        local.global.local = local;","    }());","    switch (local.modeJs) {","","","","    // post-init","    // run browser js-env code - post-init","    /* istanbul ignore next */","    case 'browser':","        local.testRunBrowser = function (event) {","            if (!event || (event &&","                    event.currentTarget &&","                    event.currentTarget.className &&","                    event.currentTarget.className.includes &&","                    event.currentTarget.className.includes('onreset'))) {","                // reset output","                Array.from(","                    document.querySelectorAll('body > .resettable')","                ).forEach(function (element) {","                    switch (element.tagName) {","                    case 'INPUT':","                    case 'TEXTAREA':","                        element.value = '';","                        break;","                    default:","                        element.textContent = '';","                    }","                });","            }","            switch (event && event.currentTarget && event.currentTarget.id) {","            case 'testRunButton1':","                // show tests","                if (document.querySelector('#testReportDiv1').style.display === 'none') {","                    document.querySelector('#testReportDiv1').style.display = 'block';","                    document.querySelector('#testRunButton1').textContent =","                        'hide internal test';","                    local.modeTest = true;","                    local.testRunDefault(local);","                // hide tests","                } else {","                    document.querySelector('#testReportDiv1').style.display = 'none';","                    document.querySelector('#testRunButton1').textContent = 'run internal test';","                }","                break;","            // custom-case","            default:","                break;","            }","            if (document.querySelector('#inputTextareaEval1') && (!event || (event &&","                    event.currentTarget &&","                    event.currentTarget.className &&","                    event.currentTarget.className.includes &&","                    event.currentTarget.className.includes('oneval')))) {","                // try to eval input-code","                try {","                    /*jslint evil: true*/","                    eval(document.querySelector('#inputTextareaEval1').value);","                } catch (errorCaught) {","                    console.error(errorCaught.stack);","                }","            }","        };","        // log stderr and stdout to #outputTextareaStdout1","        ['error', 'log'].forEach(function (key) {","            console[key + '_original'] = console[key];","            console[key] = function () {","                var element;","                console[key + '_original'].apply(console, arguments);","                element = document.querySelector('#outputTextareaStdout1');","                if (!element) {","                    return;","                }","                // append text to #outputTextareaStdout1","                element.value += Array.from(arguments).map(function (arg) {","                    return typeof arg === 'string'","                        ? arg","                        : JSON.stringify(arg, null, 4);","                }).join(' ') + '\\n';","                // scroll textarea to bottom","                element.scrollTop = element.scrollHeight;","            };","        });","        // init event-handling","        ['change', 'click', 'keyup'].forEach(function (event) {","            Array.from(document.querySelectorAll('.on' + event)).forEach(function (element) {","                element.addEventListener(event, local.testRunBrowser);","            });","        });","        // run tests","        local.testRunBrowser();","        break;","","","","    // run node js-env code - post-init","    /* istanbul ignore next */","    case 'node':","        // export local","        module.exports = local;","        // require modules","        local.fs = require('fs');","        local.http = require('http');","        local.url = require('url');","        // init assets","        local.assetsDict = local.assetsDict || {};","        /* jslint-ignore-begin */","        local.assetsDict['/assets.index.template.html'] = '\\","<!doctype html>\\n\\","<html lang=\"en\">\\n\\","<head>\\n\\","<meta charset=\"UTF-8\">\\n\\","<meta name=\"viewport\" content=\"width=device-width, initial-scale=1\">\\n\\","<title>{{env.npm_package_name}} (v{{env.npm_package_version}})</title>\\n\\","<style>\\n\\","/*csslint\\n\\","    box-sizing: false,\\n\\","    universal-selector: false\\n\\","*/\\n\\","* {\\n\\","    box-sizing: border-box;\\n\\","}\\n\\","body {\\n\\","    background: #dde;\\n\\","    font-family: Arial, Helvetica, sans-serif;\\n\\","    margin: 2rem;\\n\\","}\\n\\","body > * {\\n\\","    margin-bottom: 1rem;\\n\\","}\\n\\",".utility2FooterDiv {\\n\\","    margin-top: 20px;\\n\\","    text-align: center;\\n\\","}\\n\\","</style>\\n\\","<style>\\n\\","/*csslint\\n\\","*/\\n\\","textarea {\\n\\","    font-family: monospace;\\n\\","    height: 10rem;\\n\\","    width: 100%;\\n\\","}\\n\\","textarea[readonly] {\\n\\","    background: #ddd;\\n\\","}\\n\\","</style>\\n\\","</head>\\n\\","<body>\\n\\","<!-- utility2-comment\\n\\","<div id=\"ajaxProgressDiv1\" style=\"background: #d00; height: 2px; left: 0; margin: 0; padding: 0; position: fixed; top: 0; transition: background 0.5s, width 1.5s; width: 25%;\"></div>\\n\\","utility2-comment -->\\n\\","<h1>\\n\\","<!-- utility2-comment\\n\\","    <a\\n\\","        {{#if env.npm_package_homepage}}\\n\\","        href=\"{{env.npm_package_homepage}}\"\\n\\","        {{/if env.npm_package_homepage}}\\n\\","        target=\"_blank\"\\n\\","    >\\n\\","utility2-comment -->\\n\\","        {{env.npm_package_name}} (v{{env.npm_package_version}})\\n\\","<!-- utility2-comment\\n\\","    </a>\\n\\","utility2-comment -->\\n\\","</h1>\\n\\","<h3>{{env.npm_package_description}}</h3>\\n\\","<!-- utility2-comment\\n\\","<h4><a download href=\"assets.app.js\">download standalone app</a></h4>\\n\\","<button class=\"onclick onreset\" id=\"testRunButton1\">run internal test</button><br>\\n\\","<div id=\"testReportDiv1\" style=\"display: none;\"></div>\\n\\","utility2-comment -->\\n\\","\\n\\","\\n\\","\\n\\","<label>stderr and stdout</label>\\n\\","<textarea class=\"resettable\" id=\"outputTextareaStdout1\" readonly></textarea>\\n\\","<!-- utility2-comment\\n\\","{{#if isRollup}}\\n\\","<script src=\"assets.app.js\"></script>\\n\\","{{#unless isRollup}}\\n\\","utility2-comment -->\\n\\","<script src=\"assets.utility2.rollup.js\"></script>\\n\\","<script src=\"jsonp.utility2._stateInit?callback=window.utility2._stateInit\"></script>\\n\\","<script src=\"assets.npmtest_json.rollup.js\"></script>\\n\\","<script src=\"assets.example.js\"></script>\\n\\","<script src=\"assets.test.js\"></script>\\n\\","<!-- utility2-comment\\n\\","{{/if isRollup}}\\n\\","utility2-comment -->\\n\\","<div class=\"utility2FooterDiv\">\\n\\","    [ this app was created with\\n\\","    <a href=\"https://github.com/kaizhu256/node-utility2\" target=\"_blank\">utility2</a>\\n\\","    ]\\n\\","</div>\\n\\","</body>\\n\\","</html>\\n\\","';","        /* jslint-ignore-end */","        if (local.templateRender) {","            local.assetsDict['/'] = local.templateRender(","                local.assetsDict['/assets.index.template.html'],","                {","                    env: local.objectSetDefault(local.env, {","                        npm_package_description: 'the greatest app in the world!',","                        npm_package_name: 'my-app',","                        npm_package_nameAlias: 'my_app',","                        npm_package_version: '0.0.1'","                    })","                }","            );","        } else {","            local.assetsDict['/'] = local.assetsDict['/assets.index.template.html']","                .replace((/\\{\\{env\\.(\\w+?)\\}\\}/g), function (match0, match1) {","                    // jslint-hack","                    String(match0);","                    switch (match1) {","                    case 'npm_package_description':","                        return 'the greatest app in the world!';","                    case 'npm_package_name':","                        return 'my-app';","                    case 'npm_package_nameAlias':","                        return 'my_app';","                    case 'npm_package_version':","                        return '0.0.1';","                    }","                });","        }","        // run the cli","        if (local.global.utility2_rollup || module !== require.main) {","            break;","        }","        local.assetsDict['/assets.example.js'] =","            local.assetsDict['/assets.example.js'] ||","            local.fs.readFileSync(__filename, 'utf8');","        local.assetsDict['/assets.npmtest_json.rollup.js'] =","            local.assetsDict['/assets.npmtest_json.rollup.js'] ||","            local.fs.readFileSync(","                // buildCustomOrg-hack","                local.npmtest_json.__dirname +","                    '/lib.npmtest_json.js',","                'utf8'","            ).replace((/^#!/), '//');","        local.assetsDict['/favicon.ico'] = local.assetsDict['/favicon.ico'] || '';","        // if $npm_config_timeout_exit exists,","        // then exit this process after $npm_config_timeout_exit ms","        if (Number(process.env.npm_config_timeout_exit)) {","            setTimeout(process.exit, Number(process.env.npm_config_timeout_exit));","        }","        // start server","        if (local.global.utility2_serverHttp1) {","            break;","        }","        process.env.PORT = process.env.PORT || '8081';","        console.error('server starting on port ' + process.env.PORT);","        local.http.createServer(function (request, response) {","            request.urlParsed = local.url.parse(request.url);","            if (local.assetsDict[request.urlParsed.pathname] !== undefined) {","                response.end(local.assetsDict[request.urlParsed.pathname]);","                return;","            }","            response.statusCode = 404;","            response.end();","        }).listen(process.env.PORT);","        break;","    }","}());",""],"l":{"26":2,"28":2,"33":2,"35":2,"37":2,"38":2,"39":2,"44":1,"51":2,"55":2,"59":2,"61":2,"69":1,"70":2,"76":2,"79":2,"82":2,"83":2,"85":1,"89":2,"92":1,"93":1,"94":1,"96":1,"97":1,"100":1,"101":1,"103":1,"106":1,"108":2,"114":1,"116":1,"118":1,"123":1,"124":2,"125":2,"126":2,"127":2,"128":2,"129":2,"130":1,"133":2,"134":2,"139":2,"143":1,"144":3,"145":1,"149":1,"150":1,"158":1,"160":1,"161":1,"162":1,"164":1,"166":1,"258":1,"259":1,"271":1,"274":6,"275":6,"277":1,"279":2,"281":1,"283":2,"288":1,"289":1,"291":1,"294":1,"302":1,"305":1,"306":1,"309":1,"310":1,"312":1,"313":1,"314":1,"315":1,"316":1,"317":1,"318":1,"320":1,"321":1,"323":1}},"/home/travis/build/npmtest/node-npmtest-json/json/lib/json.js":{"path":"/home/travis/build/npmtest/node-npmtest-json/json/lib/json.js","s":{"1":1,"2":1,"3":1,"4":1,"5":1,"6":1,"7":1,"8":1,"9":1,"10":1,"11":1,"12":1,"13":1,"14":1,"15":1,"16":1,"17":1,"18":1,"19":1,"20":1,"21":0,"22":1,"23":0,"24":0,"25":0,"26":0,"27":0,"28":0,"29":0,"30":0,"31":0,"32":1,"33":1,"34":0,"35":1,"36":0,"37":0,"38":0,"39":0,"40":0,"41":0,"42":0,"43":0,"44":0,"45":0,"46":0,"47":0,"48":0,"49":0,"50":0,"51":0,"52":0,"53":0,"54":0,"55":0,"56":0,"57":0,"58":0,"59":1,"60":0,"61":0,"62":1,"63":1,"64":0,"65":0,"66":0,"67":0,"68":0,"69":0,"70":0,"71":0,"72":0,"73":0,"74":0,"75":0,"76":0,"77":0,"78":0,"79":0,"80":0,"81":0,"82":0,"83":0,"84":0,"85":0,"86":0,"87":0,"88":0,"89":0,"90":0,"91":0,"92":0,"93":0,"94":0,"95":0,"96":0,"97":0,"98":0,"99":0,"100":0,"101":0,"102":0,"103":0,"104":0,"105":0,"106":0,"107":0,"108":0,"109":0,"110":0,"111":0,"112":0,"113":0,"114":0,"115":0,"116":0,"117":0,"118":0,"119":0,"120":0,"121":0,"122":0,"123":0,"124":0,"125":0,"126":0,"127":0,"128":0,"129":0,"130":0,"131":0,"132":0,"133":1,"134":0,"135":0,"136":0,"137":0,"138":0,"139":0,"140":0,"141":0,"142":0,"143":0,"144":0,"145":0,"146":0,"147":0,"148":1,"149":0,"150":0,"151":0,"152":0,"153":0,"154":0,"155":0,"156":0,"157":0,"158":0,"159":0,"160":0,"161":0,"162":0,"163":0,"164":0,"165":0,"166":0,"167":0,"168":0,"169":0,"170":0,"171":0,"172":0,"173":0,"174":0,"175":0,"176":0,"177":0,"178":0,"179":0,"180":0,"181":0,"182":0,"183":0,"184":0,"185":0,"186":0,"187":0,"188":0,"189":0,"190":0,"191":0,"192":0,"193":0,"194":0,"195":0,"196":0,"197":0,"198":0,"199":0,"200":0,"201":0,"202":0,"203":0,"204":0,"205":0,"206":0,"207":0,"208":0,"209":0,"210":0,"211":0,"212":0,"213":0,"214":0,"215":0,"216":0,"217":0,"218":0,"219":0,"220":0,"221":0,"222":0,"223":0,"224":0,"225":0,"226":0,"227":0,"228":0,"229":0,"230":0,"231":0,"232":0,"233":0,"234":0,"235":0,"236":0,"237":0,"238":0,"239":0,"240":0,"241":0,"242":0,"243":0,"244":0,"245":0,"246":0,"247":0,"248":0,"249":0,"250":0,"251":0,"252":0,"253":0,"254":0,"255":0,"256":0,"257":0,"258":0,"259":0,"260":0,"261":0,"262":0,"263":0,"264":0,"265":0,"266":0,"267":0,"268":0,"269":0,"270":0,"271":0,"272":0,"273":0,"274":1,"275":0,"276":0,"277":0,"278":0,"279":0,"280":0,"281":0,"282":0,"283":0,"284":0,"285":0,"286":0,"287":0,"288":0,"289":0,"290":0,"291":0,"292":0,"293":0,"294":0,"295":0,"296":0,"297":0,"298":0,"299":0,"300":0,"301":0,"302":0,"303":0,"304":0,"305":0,"306":0,"307":0,"308":0,"309":0,"310":0,"311":0,"312":0,"313":0,"314":0,"315":0,"316":0,"317":0,"318":0,"319":0,"320":0,"321":0,"322":0,"323":0,"324":0,"325":0,"326":0,"327":0,"328":0,"329":0,"330":0,"331":0,"332":0,"333":0,"334":0,"335":0,"336":0,"337":0,"338":0,"339":0,"340":0,"341":0,"342":0,"343":0,"344":0,"345":0,"346":0,"347":0,"348":0,"349":0,"350":0,"351":0,"352":0,"353":0,"354":0,"355":0,"356":0,"357":0,"358":0,"359":0,"360":0,"361":0,"362":0,"363":0,"364":0,"365":0,"366":0,"367":0,"368":0,"369":0,"370":0,"371":0,"372":0,"373":0,"374":0,"375":0,"376":0,"377":0,"378":0,"379":0,"380":1,"381":0,"382":0,"383":0,"384":0,"385":0,"386":1,"387":0,"388":0,"389":0,"390":0,"391":0,"392":0,"393":0,"394":0,"395":0,"396":0,"397":0,"398":0,"399":0,"400":0,"401":0,"402":0,"403":0,"404":0,"405":1,"406":0,"407":0,"408":0,"409":0,"410":0,"411":0,"412":0,"413":0,"414":0,"415":0,"416":0,"417":0,"418":0,"419":0,"420":0,"421":0,"422":0,"423":0,"424":0,"425":0,"426":0,"427":0,"428":0,"429":0,"430":0,"431":1,"432":0,"433":0,"434":0,"435":0,"436":0,"437":0,"438":0,"439":0,"440":0,"441":0,"442":0,"443":0,"444":0,"445":0,"446":1,"447":0,"448":0,"449":1,"450":0,"451":0,"452":0,"453":0,"454":0,"455":0,"456":0,"457":0,"458":0,"459":0,"460":0,"461":0,"462":0,"463":0,"464":0,"465":0,"466":0,"467":0,"468":0,"469":0,"470":0,"471":0,"472":0,"473":0,"474":0,"475":0,"476":0,"477":0,"478":1,"479":0,"480":0,"481":0,"482":0,"483":0,"484":0,"485":0,"486":0,"487":0,"488":0,"489":0,"490":0,"491":0,"492":0,"493":0,"494":0,"495":0,"496":0,"497":0,"498":0,"499":0,"500":0,"501":0,"502":0,"503":1,"504":0,"505":1,"506":0,"507":0,"508":0,"509":0,"510":0,"511":0,"512":0,"513":0,"514":0,"515":0,"516":0,"517":0,"518":0,"519":0,"520":0,"521":0,"522":0,"523":0,"524":0,"525":0,"526":0,"527":0,"528":0,"529":0,"530":0,"531":0,"532":0,"533":0,"534":0,"535":0,"536":0,"537":0,"538":0,"539":0,"540":0,"541":0,"542":0,"543":0,"544":0,"545":0,"546":0,"547":0,"548":0,"549":0,"550":0,"551":0,"552":0,"553":0,"554":0,"555":0,"556":0,"557":0,"558":0,"559":0,"560":0,"561":0,"562":0,"563":0,"564":0,"565":0,"566":0,"567":0,"568":0,"569":0,"570":0,"571":0,"572":0,"573":0,"574":0,"575":0,"576":0,"577":0,"578":0,"579":1,"580":0,"581":0,"582":0,"583":0,"584":0,"585":0,"586":0,"587":0,"588":0,"589":0,"590":0,"591":0,"592":0,"593":0,"594":0,"595":0,"596":0,"597":0,"598":0,"599":0,"600":0,"601":0,"602":0,"603":0,"604":0,"605":0,"606":0,"607":0,"608":0,"609":0,"610":0,"611":0,"612":1,"613":0,"614":0,"615":0,"616":0,"617":0,"618":0,"619":0,"620":0,"621":0,"622":0,"623":0,"624":1,"625":0,"626":0,"627":0,"628":0,"629":0,"630":0,"631":0,"632":0,"633":0,"634":0,"635":0,"636":1,"637":0,"638":0,"639":0,"640":0,"641":0,"642":0,"643":0,"644":0,"645":0,"646":0,"647":0,"648":0,"649":0,"650":0,"651":0,"652":0,"653":0,"654":0,"655":0,"656":0,"657":0,"658":0,"659":0,"660":0,"661":1,"662":0,"663":0,"664":0,"665":0,"666":0,"667":0,"668":0,"669":0,"670":0,"671":0,"672":0,"673":0,"674":0,"675":0,"676":0,"677":0,"678":0,"679":0,"680":0,"681":0,"682":0,"683":0,"684":0,"685":0,"686":0,"687":0,"688":1,"689":0,"690":0,"691":0,"692":0,"693":0,"694":0,"695":1,"696":1,"697":0,"698":0,"699":0,"700":0,"701":1,"702":0,"703":0,"704":0,"705":0,"706":1,"707":1,"708":0,"709":0,"710":0,"711":0,"712":0,"713":0,"714":0,"715":0,"716":0,"717":1,"718":0,"719":0,"720":0,"721":0,"722":0,"723":1,"724":0,"725":0,"726":0,"727":0,"728":0,"729":0,"730":0,"731":0,"732":0,"733":0,"734":0,"735":0,"736":0,"737":0,"738":0,"739":0,"740":0,"741":0,"742":0,"743":0,"744":0,"745":0,"746":0,"747":0,"748":0,"749":0,"750":0,"751":0,"752":0,"753":0,"754":0,"755":0,"756":0,"757":0,"758":0,"759":0,"760":0,"761":0,"762":0,"763":0,"764":0,"765":0,"766":0,"767":0,"768":0,"769":0,"770":0,"771":0,"772":0,"773":0,"774":0,"775":0,"776":0,"777":0,"778":0,"779":0,"780":0,"781":0,"782":0,"783":0,"784":0,"785":0,"786":0,"787":0,"788":0,"789":0,"790":0,"791":0,"792":0,"793":0,"794":0,"795":0,"796":0,"797":0,"798":0,"799":0,"800":0,"801":0,"802":0,"803":0,"804":0,"805":0,"806":0,"807":0,"808":0,"809":0,"810":0,"811":0,"812":1,"813":0,"814":0,"815":0,"816":0,"817":0,"818":0,"819":0,"820":0,"821":0,"822":0,"823":0,"824":0,"825":0,"826":0,"827":0,"828":0,"829":0,"830":0,"831":0,"832":0,"833":0,"834":0,"835":0,"836":0,"837":0,"838":0,"839":0,"840":0,"841":0,"842":0,"843":0,"844":0,"845":0,"846":0,"847":0,"848":0,"849":0,"850":0,"851":0,"852":0,"853":0,"854":0,"855":0,"856":0,"857":0,"858":0,"859":0,"860":0,"861":0,"862":0,"863":0,"864":0,"865":0,"866":0,"867":0,"868":0,"869":0,"870":0,"871":0,"872":0,"873":0,"874":0,"875":0,"876":0,"877":0,"878":0,"879":0,"880":0,"881":0,"882":0,"883":0,"884":0,"885":0,"886":0,"887":0,"888":0,"889":0,"890":0,"891":0,"892":0,"893":0,"894":0,"895":0,"896":0,"897":0,"898":0,"899":0,"900":0,"901":0,"902":0,"903":0,"904":0,"905":0,"906":0,"907":0,"908":0,"909":0,"910":0,"911":0,"912":0,"913":0,"914":0,"915":0,"916":0,"917":0,"918":0,"919":0,"920":0,"921":0,"922":0,"923":0,"924":0,"925":0,"926":0,"927":0,"928":0,"929":0,"930":0,"931":0,"932":0,"933":0,"934":0,"935":0,"936":0,"937":0,"938":0,"939":0,"940":0,"941":0,"942":0,"943":0,"944":0,"945":0,"946":0,"947":0,"948":0,"949":0,"950":0,"951":0,"952":0,"953":0,"954":0,"955":0,"956":0,"957":0,"958":0,"959":0,"960":0,"961":0,"962":0,"963":0,"964":0,"965":0,"966":0,"967":0,"968":1,"969":0,"970":0,"971":0,"972":0,"973":0},"b":{"1":[0,0],"2":[0,0],"3":[1,0],"4":[0,0],"5":[0,0],"6":[0,0,0,0,0],"7":[0,0],"8":[0,0],"9":[0,0,0],"10":[0,0],"11":[0,0],"12":[0,0],"13":[0,0,0],"14":[0,0],"15":[0,0],"16":[0,0],"17":[0,0],"18":[0,0],"19":[0,0],"20":[0,0],"21":[0,0],"22":[0,0],"23":[0,0],"24":[0,0],"25":[0,0],"26":[0,0],"27":[0,0,0],"28":[0,0],"29":[0,0],"30":[0,0],"31":[0,0],"32":[0,0],"33":[0,0],"34":[0,0],"35":[0,0,0,0,0],"36":[0,0],"37":[0,0],"38":[0,0],"39":[0,0],"40":[0,0],"41":[0,0],"42":[0,0],"43":[0,0],"44":[0,0],"45":[0,0],"46":[0,0,0],"47":[0,0],"48":[0,0],"49":[0,0],"50":[0,0,0,0,0,0,0,0,0,0,0,0,0,0,0,0,0,0,0,0,0,0,0,0,0,0,0,0,0,0,0,0,0,0,0,0,0],"51":[0,0],"52":[0,0],"53":[0,0],"54":[0,0],"55":[0,0],"56":[0,0],"57":[0,0],"58":[0,0,0],"59":[0,0],"60":[0,0],"61":[0,0],"62":[0,0],"63":[0,0],"64":[0,0],"65":[0,0],"66":[0,0],"67":[0,0],"68":[0,0],"69":[0,0],"70":[0,0],"71":[0,0],"72":[0,0],"73":[0,0],"74":[0,0],"75":[0,0],"76":[0,0],"77":[0,0],"78":[0,0],"79":[0,0],"80":[0,0],"81":[0,0],"82":[0,0],"83":[0,0],"84":[0,0],"85":[0,0],"86":[0,0],"87":[0,0],"88":[0,0],"89":[0,0],"90":[0,0],"91":[0,0],"92":[0,0],"93":[0,0],"94":[0,0,0,0],"95":[0,0,0,0,0],"96":[0,0],"97":[0,0],"98":[0,0,0,0],"99":[0,0],"100":[0],"101":[0,0],"102":[0],"103":[0,0],"104":[0,0],"105":[0,0],"106":[0,0],"107":[0,0],"108":[0,0],"109":[0,0],"110":[0,0],"111":[0,0],"112":[0,0],"113":[0,0],"114":[0,0,0,0],"115":[0,0],"116":[0,0],"117":[0,0],"118":[0,0],"119":[0,0],"120":[0,0],"121":[0,0],"122":[0,0],"123":[0,0],"124":[0,0],"125":[0,0],"126":[0,0],"127":[0,0],"128":[0,0,0,0,0],"129":[0,0],"130":[0,0],"131":[0,0],"132":[0,0],"133":[0,0],"134":[0,0],"135":[0,0],"136":[0,0],"137":[0,0],"138":[0,0],"139":[0,0],"140":[0,0],"141":[0,0],"142":[0,0],"143":[0,0],"144":[0,0],"145":[0,0],"146":[0,0],"147":[0,0],"148":[0,0],"149":[0,0],"150":[0,0],"151":[0,0],"152":[0,0,0],"153":[0,0],"154":[0,0],"155":[0,0],"156":[0,0],"157":[0,0],"158":[0,0],"159":[0,0],"160":[0,0],"161":[0,0],"162":[0,0],"163":[0,0],"164":[0,0],"165":[0,0],"166":[0,0],"167":[0,0],"168":[0,0],"169":[0,0],"170":[0,0],"171":[0,0],"172":[0,0],"173":[0,0],"174":[0,0],"175":[0,0],"176":[0,0],"177":[0,0],"178":[0,0],"179":[0,0],"180":[0,0,0],"181":[0,0],"182":[0,0],"183":[0,0],"184":[0,0],"185":[0,0,0],"186":[0,0],"187":[0,0],"188":[0,0],"189":[0,0],"190":[0,0],"191":[0,0],"192":[0,0],"193":[0,0],"194":[0,0],"195":[0,0],"196":[0,0],"197":[0,0],"198":[0,0],"199":[0,0],"200":[0,0],"201":[0,0],"202":[0,0],"203":[0,0],"204":[0,0],"205":[0,0],"206":[0,0],"207":[0,0],"208":[0,0],"209":[0,0],"210":[0,0],"211":[0,0],"212":[0,0],"213":[0,0],"214":[0,0],"215":[0,0],"216":[0,1],"217":[0,0],"218":[0,0]},"f":{"1":0,"2":0,"3":0,"4":0,"5":0,"6":0,"7":1,"8":0,"9":0,"10":0,"11":0,"12":0,"13":0,"14":0,"15":0,"16":0,"17":0,"18":0,"19":0,"20":0,"21":0,"22":0,"23":0,"24":0,"25":0,"26":0,"27":0,"28":0,"29":0,"30":0,"31":0,"32":0,"33":0,"34":0,"35":0,"36":0,"37":0,"38":0,"39":0,"40":0,"41":0,"42":0,"43":0,"44":0,"45":0,"46":0,"47":0,"48":0,"49":0,"50":0,"51":0,"52":0,"53":0,"54":0,"55":0,"56":0,"57":0,"58":0,"59":0,"60":0,"61":0,"62":0},"fnMap":{"1":{"name":"getVersion","line":54,"loc":{"start":{"line":54,"column":0},"end":{"line":54,"column":22}}},"2":{"name":"objCopy","line":63,"loc":{"start":{"line":63,"column":0},"end":{"line":63,"column":22}}},"3":{"name":"(anonymous_3)","line":69,"loc":{"start":{"line":69,"column":33},"end":{"line":69,"column":46}}},"4":{"name":"format","line":84,"loc":{"start":{"line":84,"column":4},"end":{"line":84,"column":23}}},"5":{"name":"(anonymous_5)","line":96,"loc":{"start":{"line":96,"column":50},"end":{"line":96,"column":63}}},"6":{"name":"_parseString","line":126,"loc":{"start":{"line":126,"column":0},"end":{"line":126,"column":25}}},"7":{"name":"(anonymous_7)","line":135,"loc":{"start":{"line":135,"column":15},"end":{"line":135,"column":25}}},"8":{"name":"(anonymous_8)","line":135,"loc":{"start":{"line":135,"column":116},"end":{"line":135,"column":127}}},"9":{"name":"(anonymous_9)","line":135,"loc":{"start":{"line":135,"column":179},"end":{"line":135,"column":190}}},"10":{"name":"(anonymous_10)","line":135,"loc":{"start":{"line":135,"column":273},"end":{"line":135,"column":283}}},"11":{"name":"(anonymous_11)","line":135,"loc":{"start":{"line":135,"column":542},"end":{"line":135,"column":552}}},"12":{"name":"(anonymous_12)","line":135,"loc":{"start":{"line":135,"column":819},"end":{"line":135,"column":829}}},"13":{"name":"(anonymous_13)","line":135,"loc":{"start":{"line":135,"column":853},"end":{"line":135,"column":863}}},"14":{"name":"(anonymous_14)","line":135,"loc":{"start":{"line":135,"column":1050},"end":{"line":135,"column":1060}}},"15":{"name":"(anonymous_15)","line":135,"loc":{"start":{"line":135,"column":1202},"end":{"line":135,"column":1212}}},"16":{"name":"(anonymous_16)","line":135,"loc":{"start":{"line":135,"column":1438},"end":{"line":135,"column":1448}}},"17":{"name":"(anonymous_17)","line":135,"loc":{"start":{"line":135,"column":1579},"end":{"line":135,"column":1592}}},"18":{"name":"h","line":135,"loc":{"start":{"line":135,"column":1672},"end":{"line":135,"column":1687}}},"19":{"name":"printHelp","line":139,"loc":{"start":{"line":139,"column":0},"end":{"line":139,"column":21}}},"20":{"name":"parseArgv","line":282,"loc":{"start":{"line":282,"column":0},"end":{"line":282,"column":25}}},"21":{"name":"chunkEmitter","line":495,"loc":{"start":{"line":495,"column":0},"end":{"line":495,"column":28}}},"22":{"name":"stripHeaders","line":502,"loc":{"start":{"line":502,"column":4},"end":{"line":502,"column":29}}},"23":{"name":"emitChunks","line":533,"loc":{"start":{"line":533,"column":4},"end":{"line":533,"column":40}}},"24":{"name":"addDataListener","line":617,"loc":{"start":{"line":617,"column":4},"end":{"line":617,"column":37}}},"25":{"name":"(anonymous_25)","line":618,"loc":{"start":{"line":618,"column":26},"end":{"line":618,"column":43}}},"26":{"name":"addErrorListener","line":643,"loc":{"start":{"line":643,"column":8},"end":{"line":643,"column":40}}},"27":{"name":"(anonymous_27)","line":644,"loc":{"start":{"line":644,"column":29},"end":{"line":644,"column":44}}},"28":{"name":"addEndListener","line":652,"loc":{"start":{"line":652,"column":8},"end":{"line":652,"column":38}}},"29":{"name":"(anonymous_29)","line":653,"loc":{"start":{"line":653,"column":27},"end":{"line":653,"column":39}}},"30":{"name":"(anonymous_30)","line":682,"loc":{"start":{"line":682,"column":24},"end":{"line":682,"column":36}}},"31":{"name":"getInput","line":705,"loc":{"start":{"line":705,"column":0},"end":{"line":705,"column":34}}},"32":{"name":"(anonymous_32)","line":712,"loc":{"start":{"line":712,"column":25},"end":{"line":712,"column":42}}},"33":{"name":"(anonymous_33)","line":716,"loc":{"start":{"line":716,"column":24},"end":{"line":716,"column":36}}},"34":{"name":"isInteger","line":750,"loc":{"start":{"line":750,"column":0},"end":{"line":750,"column":22}}},"35":{"name":"parseLookup","line":764,"loc":{"start":{"line":764,"column":0},"end":{"line":764,"column":42}}},"36":{"name":"(anonymous_36)","line":765,"loc":{"start":{"line":765,"column":16},"end":{"line":765,"column":28}}},"37":{"name":"parseInput","line":902,"loc":{"start":{"line":902,"column":0},"end":{"line":902,"column":47}}},"38":{"name":"(anonymous_38)","line":939,"loc":{"start":{"line":939,"column":48},"end":{"line":939,"column":63}}},"39":{"name":"(anonymous_39)","line":942,"loc":{"start":{"line":942,"column":38},"end":{"line":942,"column":53}}},"40":{"name":"(anonymous_40)","line":966,"loc":{"start":{"line":966,"column":48},"end":{"line":966,"column":63}}},"41":{"name":"(anonymous_41)","line":982,"loc":{"start":{"line":982,"column":41},"end":{"line":982,"column":54}}},"42":{"name":"deepExtend","line":987,"loc":{"start":{"line":987,"column":12},"end":{"line":987,"column":38}}},"43":{"name":"(anonymous_43)","line":988,"loc":{"start":{"line":988,"column":39},"end":{"line":988,"column":52}}},"44":{"name":"lookupDatum","line":1030,"loc":{"start":{"line":1030,"column":0},"end":{"line":1030,"column":36}}},"45":{"name":"printDatasets","line":1060,"loc":{"start":{"line":1060,"column":0},"end":{"line":1060,"column":58}}},"46":{"name":"(anonymous_46)","line":1087,"loc":{"start":{"line":1087,"column":21},"end":{"line":1087,"column":33}}},"47":{"name":"stringifyDatum","line":1101,"loc":{"start":{"line":1101,"column":0},"end":{"line":1101,"column":44}}},"48":{"name":"(anonymous_48)","line":1120,"loc":{"start":{"line":1120,"column":26},"end":{"line":1120,"column":39}}},"49":{"name":"printDatum","line":1153,"loc":{"start":{"line":1153,"column":0},"end":{"line":1153,"column":54}}},"50":{"name":"emit","line":1165,"loc":{"start":{"line":1165,"column":0},"end":{"line":1165,"column":17}}},"51":{"name":"(anonymous_51)","line":1178,"loc":{"start":{"line":1178,"column":27},"end":{"line":1178,"column":42}}},"52":{"name":"drainStdoutAndExit","line":1200,"loc":{"start":{"line":1200,"column":0},"end":{"line":1200,"column":34}}},"53":{"name":"(anonymous_53)","line":1205,"loc":{"start":{"line":1205,"column":31},"end":{"line":1205,"column":43}}},"54":{"name":"(anonymous_54)","line":1208,"loc":{"start":{"line":1208,"column":31},"end":{"line":1208,"column":43}}},"55":{"name":"funcWithReturnFromSnippet","line":1224,"loc":{"start":{"line":1224,"column":0},"end":{"line":1224,"column":39}}},"56":{"name":"main","line":1239,"loc":{"start":{"line":1239,"column":0},"end":{"line":1239,"column":20}}},"57":{"name":"(anonymous_57)","line":1300,"loc":{"start":{"line":1300,"column":33},"end":{"line":1300,"column":51}}},"58":{"name":"(anonymous_58)","line":1307,"loc":{"start":{"line":1307,"column":28},"end":{"line":1307,"column":45}}},"59":{"name":"(anonymous_59)","line":1315,"loc":{"start":{"line":1315,"column":23},"end":{"line":1315,"column":57}}},"60":{"name":"(anonymous_60)","line":1349,"loc":{"start":{"line":1349,"column":23},"end":{"line":1349,"column":56}}},"61":{"name":"parseChunk","line":1394,"loc":{"start":{"line":1394,"column":4},"end":{"line":1394,"column":64}}},"62":{"name":"(anonymous_62)","line":1678,"loc":{"start":{"line":1678,"column":59},"end":{"line":1678,"column":71}}}},"statementMap":{"1":{"start":{"line":11,"column":0},"end":{"line":11,"column":22}},"2":{"start":{"line":13,"column":0},"end":{"line":13,"column":21}},"3":{"start":{"line":14,"column":0},"end":{"line":14,"column":27}},"4":{"start":{"line":15,"column":0},"end":{"line":15,"column":31}},"5":{"start":{"line":16,"column":0},"end":{"line":16,"column":27}},"6":{"start":{"line":17,"column":0},"end":{"line":17,"column":23}},"7":{"start":{"line":18,"column":0},"end":{"line":18,"column":23}},"8":{"start":{"line":19,"column":0},"end":{"line":19,"column":24}},"9":{"start":{"line":20,"column":0},"end":{"line":20,"column":50}},"10":{"start":{"line":26,"column":0},"end":{"line":26,"column":20}},"11":{"start":{"line":27,"column":0},"end":{"line":27,"column":32}},"12":{"start":{"line":28,"column":0},"end":{"line":28,"column":34}},"13":{"start":{"line":31,"column":0},"end":{"line":31,"column":34}},"14":{"start":{"line":32,"column":0},"end":{"line":32,"column":32}},"15":{"start":{"line":39,"column":0},"end":{"line":39,"column":17}},"16":{"start":{"line":40,"column":0},"end":{"line":40,"column":16}},"17":{"start":{"line":41,"column":0},"end":{"line":41,"column":19}},"18":{"start":{"line":42,"column":0},"end":{"line":42,"column":19}},"19":{"start":{"line":43,"column":0},"end":{"line":48,"column":2}},"20":{"start":{"line":54,"column":0},"end":{"line":56,"column":1}},"21":{"start":{"line":55,"column":4},"end":{"line":55,"column":19}},"22":{"start":{"line":63,"column":0},"end":{"line":76,"column":1}},"23":{"start":{"line":64,"column":4},"end":{"line":64,"column":13}},"24":{"start":{"line":65,"column":4},"end":{"line":74,"column":5}},"25":{"start":{"line":66,"column":8},"end":{"line":66,"column":27}},"26":{"start":{"line":67,"column":11},"end":{"line":74,"column":5}},"27":{"start":{"line":68,"column":8},"end":{"line":68,"column":18}},"28":{"start":{"line":69,"column":8},"end":{"line":71,"column":11}},"29":{"start":{"line":70,"column":12},"end":{"line":70,"column":29}},"30":{"start":{"line":73,"column":8},"end":{"line":73,"column":19}},"31":{"start":{"line":75,"column":4},"end":{"line":75,"column":16}},"32":{"start":{"line":78,"column":0},"end":{"line":121,"column":1}},"33":{"start":{"line":79,"column":4},"end":{"line":79,"column":25}},"34":{"start":{"line":82,"column":4},"end":{"line":82,"column":34}},"35":{"start":{"line":84,"column":4},"end":{"line":120,"column":5}},"36":{"start":{"line":85,"column":8},"end":{"line":85,"column":14}},"37":{"start":{"line":86,"column":8},"end":{"line":92,"column":9}},"38":{"start":{"line":87,"column":12},"end":{"line":87,"column":29}},"39":{"start":{"line":88,"column":12},"end":{"line":90,"column":13}},"40":{"start":{"line":89,"column":16},"end":{"line":89,"column":57}},"41":{"start":{"line":91,"column":12},"end":{"line":91,"column":37}},"42":{"start":{"line":93,"column":8},"end":{"line":93,"column":14}},"43":{"start":{"line":94,"column":8},"end":{"line":94,"column":29}},"44":{"start":{"line":95,"column":8},"end":{"line":95,"column":30}},"45":{"start":{"line":96,"column":8},"end":{"line":111,"column":11}},"46":{"start":{"line":97,"column":12},"end":{"line":98,"column":23}},"47":{"start":{"line":98,"column":14},"end":{"line":98,"column":23}},"48":{"start":{"line":99,"column":12},"end":{"line":110,"column":13}},"49":{"start":{"line":101,"column":16},"end":{"line":101,"column":41}},"50":{"start":{"line":103,"column":16},"end":{"line":103,"column":41}},"51":{"start":{"line":105,"column":16},"end":{"line":105,"column":49}},"52":{"start":{"line":107,"column":16},"end":{"line":107,"column":27}},"53":{"start":{"line":109,"column":16},"end":{"line":109,"column":25}},"54":{"start":{"line":112,"column":8},"end":{"line":118,"column":9}},"55":{"start":{"line":113,"column":12},"end":{"line":117,"column":13}},"56":{"start":{"line":114,"column":16},"end":{"line":114,"column":31}},"57":{"start":{"line":116,"column":16},"end":{"line":116,"column":45}},"58":{"start":{"line":119,"column":8},"end":{"line":119,"column":19}},"59":{"start":{"line":126,"column":0},"end":{"line":130,"column":1}},"60":{"start":{"line":128,"column":4},"end":{"line":128,"column":71}},"61":{"start":{"line":129,"column":4},"end":{"line":129,"column":24}},"62":{"start":{"line":135,"column":0},"end":{"line":135,"column":1865}},"63":{"start":{"line":135,"column":39},"end":{"line":135,"column":1429}},"64":{"start":{"line":135,"column":128},"end":{"line":135,"column":175}},"65":{"start":{"line":135,"column":191},"end":{"line":135,"column":269}},"66":{"start":{"line":135,"column":284},"end":{"line":135,"column":295}},"67":{"start":{"line":135,"column":295},"end":{"line":135,"column":319}},"68":{"start":{"line":135,"column":319},"end":{"line":135,"column":349}},"69":{"start":{"line":135,"column":340},"end":{"line":135,"column":349}},"70":{"start":{"line":135,"column":349},"end":{"line":135,"column":399}},"71":{"start":{"line":135,"column":361},"end":{"line":135,"column":368}},"72":{"start":{"line":135,"column":368},"end":{"line":135,"column":398}},"73":{"start":{"line":135,"column":394},"end":{"line":135,"column":398}},"74":{"start":{"line":135,"column":399},"end":{"line":135,"column":488}},"75":{"start":{"line":135,"column":420},"end":{"line":135,"column":429}},"76":{"start":{"line":135,"column":429},"end":{"line":135,"column":458}},"77":{"start":{"line":135,"column":449},"end":{"line":135,"column":458}},"78":{"start":{"line":135,"column":458},"end":{"line":135,"column":487}},"79":{"start":{"line":135,"column":479},"end":{"line":135,"column":487}},"80":{"start":{"line":135,"column":488},"end":{"line":135,"column":493}},"81":{"start":{"line":135,"column":493},"end":{"line":135,"column":538}},"82":{"start":{"line":135,"column":509},"end":{"line":135,"column":525}},"83":{"start":{"line":135,"column":530},"end":{"line":135,"column":538}},"84":{"start":{"line":135,"column":553},"end":{"line":135,"column":568}},"85":{"start":{"line":135,"column":568},"end":{"line":135,"column":800}},"86":{"start":{"line":135,"column":579},"end":{"line":135,"column":800}},"87":{"start":{"line":135,"column":590},"end":{"line":135,"column":614}},"88":{"start":{"line":135,"column":601},"end":{"line":135,"column":614}},"89":{"start":{"line":135,"column":614},"end":{"line":135,"column":799}},"90":{"start":{"line":135,"column":627},"end":{"line":135,"column":631}},"91":{"start":{"line":135,"column":631},"end":{"line":135,"column":789}},"92":{"start":{"line":135,"column":643},"end":{"line":135,"column":647}},"93":{"start":{"line":135,"column":647},"end":{"line":135,"column":715}},"94":{"start":{"line":135,"column":665},"end":{"line":135,"column":684}},"95":{"start":{"line":135,"column":684},"end":{"line":135,"column":706}},"96":{"start":{"line":135,"column":700},"end":{"line":135,"column":706}},"97":{"start":{"line":135,"column":706},"end":{"line":135,"column":714}},"98":{"start":{"line":135,"column":715},"end":{"line":135,"column":740}},"99":{"start":{"line":135,"column":746},"end":{"line":135,"column":789}},"100":{"start":{"line":135,"column":771},"end":{"line":135,"column":779}},"101":{"start":{"line":135,"column":784},"end":{"line":135,"column":789}},"102":{"start":{"line":135,"column":795},"end":{"line":135,"column":799}},"103":{"start":{"line":135,"column":800},"end":{"line":135,"column":815}},"104":{"start":{"line":135,"column":830},"end":{"line":135,"column":849}},"105":{"start":{"line":135,"column":846},"end":{"line":135,"column":849}},"106":{"start":{"line":135,"column":864},"end":{"line":135,"column":1021}},"107":{"start":{"line":135,"column":882},"end":{"line":135,"column":920}},"108":{"start":{"line":135,"column":928},"end":{"line":135,"column":973}},"109":{"start":{"line":135,"column":981},"end":{"line":135,"column":1020}},"110":{"start":{"line":135,"column":1021},"end":{"line":135,"column":1044}},"111":{"start":{"line":135,"column":1061},"end":{"line":135,"column":1070}},"112":{"start":{"line":135,"column":1070},"end":{"line":135,"column":1184}},"113":{"start":{"line":135,"column":1082},"end":{"line":135,"column":1093}},"114":{"start":{"line":135,"column":1093},"end":{"line":135,"column":1120}},"115":{"start":{"line":135,"column":1104},"end":{"line":135,"column":1120}},"116":{"start":{"line":135,"column":1120},"end":{"line":135,"column":1183}},"117":{"start":{"line":135,"column":1129},"end":{"line":135,"column":1145}},"118":{"start":{"line":135,"column":1145},"end":{"line":135,"column":1172}},"119":{"start":{"line":135,"column":1156},"end":{"line":135,"column":1172}},"120":{"start":{"line":135,"column":1172},"end":{"line":135,"column":1182}},"121":{"start":{"line":135,"column":1184},"end":{"line":135,"column":1198}},"122":{"start":{"line":135,"column":1213},"end":{"line":135,"column":1224}},"123":{"start":{"line":135,"column":1224},"end":{"line":135,"column":1412}},"124":{"start":{"line":135,"column":1236},"end":{"line":135,"column":1247}},"125":{"start":{"line":135,"column":1247},"end":{"line":135,"column":1274}},"126":{"start":{"line":135,"column":1258},"end":{"line":135,"column":1274}},"127":{"start":{"line":135,"column":1274},"end":{"line":135,"column":1411}},"128":{"start":{"line":135,"column":1283},"end":{"line":135,"column":1373}},"129":{"start":{"line":135,"column":1373},"end":{"line":135,"column":1400}},"130":{"start":{"line":135,"column":1384},"end":{"line":135,"column":1400}},"131":{"start":{"line":135,"column":1400},"end":{"line":135,"column":1410}},"132":{"start":{"line":135,"column":1412},"end":{"line":135,"column":1427}},"133":{"start":{"line":135,"column":1429},"end":{"line":135,"column":1861}},"134":{"start":{"line":135,"column":1449},"end":{"line":135,"column":1453}},"135":{"start":{"line":135,"column":1453},"end":{"line":135,"column":1577}},"136":{"start":{"line":135,"column":1471},"end":{"line":135,"column":1482}},"137":{"start":{"line":135,"column":1490},"end":{"line":135,"column":1501}},"138":{"start":{"line":135,"column":1509},"end":{"line":135,"column":1520}},"139":{"start":{"line":135,"column":1528},"end":{"line":135,"column":1539}},"140":{"start":{"line":135,"column":1547},"end":{"line":135,"column":1576}},"141":{"start":{"line":135,"column":1593},"end":{"line":135,"column":1599}},"142":{"start":{"line":135,"column":1599},"end":{"line":135,"column":1860}},"143":{"start":{"line":135,"column":1688},"end":{"line":135,"column":1703}},"144":{"start":{"line":135,"column":1703},"end":{"line":135,"column":1826}},"145":{"start":{"line":135,"column":1728},"end":{"line":135,"column":1826}},"146":{"start":{"line":135,"column":1739},"end":{"line":135,"column":1826}},"147":{"start":{"line":135,"column":1826},"end":{"line":135,"column":1846}},"148":{"start":{"line":139,"column":0},"end":{"line":267,"column":1}},"149":{"start":{"line":141,"column":4},"end":{"line":141,"column":24}},"150":{"start":{"line":142,"column":4},"end":{"line":142,"column":16}},"151":{"start":{"line":143,"column":4},"end":{"line":143,"column":79}},"152":{"start":{"line":144,"column":4},"end":{"line":144,"column":47}},"153":{"start":{"line":145,"column":4},"end":{"line":145,"column":10}},"154":{"start":{"line":146,"column":4},"end":{"line":146,"column":77}},"155":{"start":{"line":147,"column":4},"end":{"line":147,"column":70}},"156":{"start":{"line":148,"column":4},"end":{"line":148,"column":72}},"157":{"start":{"line":149,"column":4},"end":{"line":149,"column":55}},"158":{"start":{"line":150,"column":4},"end":{"line":150,"column":10}},"159":{"start":{"line":151,"column":4},"end":{"line":151,"column":19}},"160":{"start":{"line":152,"column":4},"end":{"line":152,"column":73}},"161":{"start":{"line":153,"column":4},"end":{"line":153,"column":74}},"162":{"start":{"line":154,"column":4},"end":{"line":154,"column":57}},"163":{"start":{"line":155,"column":4},"end":{"line":155,"column":42}},"164":{"start":{"line":156,"column":4},"end":{"line":156,"column":24}},"165":{"start":{"line":157,"column":4},"end":{"line":157,"column":10}},"166":{"start":{"line":158,"column":4},"end":{"line":158,"column":20}},"167":{"start":{"line":159,"column":4},"end":{"line":159,"column":82}},"168":{"start":{"line":160,"column":4},"end":{"line":160,"column":76}},"169":{"start":{"line":161,"column":4},"end":{"line":161,"column":16}},"170":{"start":{"line":162,"column":4},"end":{"line":162,"column":33}},"171":{"start":{"line":163,"column":4},"end":{"line":163,"column":26}},"172":{"start":{"line":164,"column":4},"end":{"line":164,"column":16}},"173":{"start":{"line":165,"column":4},"end":{"line":165,"column":70}},"174":{"start":{"line":166,"column":4},"end":{"line":166,"column":28}},"175":{"start":{"line":167,"column":4},"end":{"line":167,"column":10}},"176":{"start":{"line":168,"column":4},"end":{"line":168,"column":32}},"177":{"start":{"line":169,"column":4},"end":{"line":169,"column":62}},"178":{"start":{"line":170,"column":4},"end":{"line":170,"column":74}},"179":{"start":{"line":171,"column":4},"end":{"line":171,"column":29}},"180":{"start":{"line":172,"column":4},"end":{"line":172,"column":70}},"181":{"start":{"line":173,"column":4},"end":{"line":173,"column":61}},"182"
[...]
       if (is100Continue) {","                            continue;","                        }","                    }","                }","                break;","            }","            parseChunk(buffer, null, filename, false);","        });","    }","","    /**","     * Parse a single chunk of JSON. This may be called more than once","     * (when streaming or when operating on multiple files).","     *","     * @param chunk {String} The JSON-encoded string.","     * @param obj {Object} Optional. For some code paths while streaming `obj`","     *    will be provided. This is an already parsed JSON object.","     * @param filename {String} Optional. The filename from which this content","     *    came, if relevant.","     * @param inPlace {Boolean} Optional. If true, then output will be written","     *    to `filename`.","     * @param headers {String} Optional. Leading HTTP headers, if any to emit.","     */","    function parseChunk(chunk, obj, filename, inPlace, headers) {","        // Expect the chunk to be JSON.","        if (!chunk.length) {","            return;","        }","        // parseInput() -> {datum: <input object>, error: <error object>}","        var input = parseInput(chunk, obj, opts.group, opts.merge);","        if (input.error) {","            // Doesn't look like JSON. Just print it out and move on.","            if (!opts.quiet) {","                // Use JSON-js' \"json_parse\" parser to get more detail on the","                // syntax error.","                var details = '';","                var normBuffer = chunk.replace(/\\r\\n|\\n|\\r/, '\\n');","                try {","                    json_parse(normBuffer);","                    details = input.error;","                } catch (err) {","                    // err.at has the position. Get line/column from that.","                    var at = err.at - 1; // `err.at` looks to be 1-based.","                    var lines = chunk.split('\\n');","                    var line, col, pos = 0;","                    for (line = 0; line < lines.length; line++) {","                        pos += lines[line].length + 1;","                        if (pos > at) {","                            col = at - (pos - lines[line].length - 1);","                            break;","                        }","                    }","                    var spaces = '';","                    for (var i = 0; i < col; i++) {","                        spaces += '.';","                    }","                    details = err.message + ' at line ' + (line + 1) +","                        ', column ' + (col + 1) + ':\\n        ' +","                        lines[line] + '\\n        ' + spaces + '^';","                }","                warn('json: error: %s is not JSON: %s',","                    filename ? '\"' + filename + '\"' : 'input', details);","            }","            if (!opts.validate) {","                emit(chunk);","                if (chunk.length && chunk[chunk.length - 1] !== '\\n') {","                    emit('\\n');","                }","            }","            return drainStdoutAndExit(1);","        }","        if (opts.validate) {","            return drainStdoutAndExit(0);","        }","        var data = input.datum;","","        // Process: items (-M, --items)","        if (opts.items) {","            if (!Array.isArray(data)) {","                var key;","                var array = [];","                for (key in data) {","                    if (data.hasOwnProperty(key)) {","                        array.push({","                          key: key,","                          value: data[key]","                        });","                    }","                }","                data = array;","            }","        }","","        // Process: executions (-e, -E)","        var i, j;","        if (!exe) {","            /* pass */","        } else if (opts.array || (opts.array === null && Array.isArray(data))) {","            var arrayified = false;","            if (!Array.isArray(data)) {","                arrayified = true;","                data = [data];","            }","            for (i = 0; i < data.length; i++) {","                var datum = data[i];","                for (j = 0; j < exeFuncs.length; j++) {","                    exeFuncs[j].call(datum);","                }","                for (j = 0; j < exeScripts.length; j++) {","                    exeScripts[j].runInNewContext(datum);","                }","            }","            if (arrayified) {","                data = data[0];","            }","        } else {","            for (j = 0; j < exeFuncs.length; j++) {","                exeFuncs[j].call(data);","            }","            for (j = 0; j < exeScripts.length; j++) {","                exeScripts[j].runInNewContext(data);","            }","        }","","        // Process: conditionals (-c)","        if (!cond) {","            /* pass */","        } else if (opts.array || (opts.array === null && Array.isArray(data))) {","            var arrayified = false;","            if (!Array.isArray(data)) {","                arrayified = true;","                data = [data];","            }","            var filtered = [];","            for (i = 0; i < data.length; i++) {","                var datum = data[i];","                var datumCopy = objCopy(datum);","                var keep = true;","                // TODO(perf): Perhaps drop the 'datumCopy'? \"this is a gun\"","                for (j = 0; j < condFuncs.length; j++) {","                    if (!condFuncs[j].call(datumCopy)) {","                        keep = false;","                        break;","                    }","                }","                if (keep) {","                    for (j = 0; j < condScripts.length; j++) {","                        if (!condScripts[j].runInNewContext(datumCopy)) {","                            keep = false;","                            break;","                        }","                    }","                    if (keep) {","                        filtered.push(datum);","                    }","                }","            }","            if (arrayified) {","                data = (filtered.length ? filtered[0] : []);","            } else {","                data = filtered;","            }","        } else {","            var keep = true;","            var dataCopy = objCopy(data);","            for (j = 0; j < condFuncs.length; j++) {","                // TODO(perf): Perhaps drop the 'dataCopy'? \"this is a gun\"","                if (!condFuncs[j].call(dataCopy)) {","                    keep = false;","                    break;","                }","            }","            if (keep) {","                for (j = 0; j < condScripts.length; j++) {","                    if (!condScripts[j].runInNewContext(dataCopy)) {","                        keep = false;","                        break;","                    }","                }","            }","            if (!keep) {","                data = undefined;","            }","        }","","        // Process: lookups","        var lookupsAreIndeces = false;","        if (lookups.length) {","            if (opts.array) {","                if (!Array.isArray(data)) data = [data];","                var table = [];","                for (j = 0; j < data.length; j++) {","                    var datum = data[j];","                    var row = {};","                    for (i = 0; i < lookups.length; i++) {","                        var lookup = lookups[i];","                        var value = lookupDatum(datum, lookup);","                        if (value !== undefined) {","                            row[lookup.join('.')] = value;","                        }","                    }","                    table.push(row);","                }","                data = table;","            } else {","                // Special case handling: Note if the 'lookups' are indeces into","                // an array. This may be used below to change the output","                // representation.","                if (Array.isArray(data)) {","                    lookupsAreIndeces = true;","                    for (i = 0; i < lookups.length; i++) {","                        if (lookups[i].length !== 1 ||","                            isNaN(Number(lookups[i])))","                        {","                            lookupsAreIndeces = false;","                            break;","                        }","                    }","                }","                var row = {};","                for (i = 0; i < lookups.length; i++) {","                    var lookup = lookups[i];","                    var value = lookupDatum(data, lookup);","                    if (value !== undefined) {","                        row[lookup.join('.')] = value;","                    }","                }","                data = row;","            }","        }","","        // --keys","        if (opts.outputKeys) {","            var data = Object.keys(data);","        }","","        // Output","        var datasets = [];","        if (opts.outputMode === OM_JSON) {","            if (lookups.length === 1 && !opts.array) {","                /**","                 * Special case: For JSON output of a *single* lookup, *don't*","                 * use the full table structure, else there is no way to get","                 * string quoting for a single value:","                 *      $ echo '{\"a\": [], \"b\": \"[]\"}' | json -j a","                 *      []","                 *      $ echo '{\"a\": [], \"b\": \"[]\"}' | json -j b","                 *      '[]'","                 * See <https://github.com/trentm/json/issues/35> for why.","                 */","                data = data[lookups[0].join('.')];","            } else if (lookupsAreIndeces) {","                /**","                 * Special case: Lookups that are all indeces into an input","                 * array are more likely to be wanted as an array of selected","                 * items rather than a 'JSON table' thing that we use otherwise.","                 */","                var flattened = [];","                for (i = 0; i < lookups.length; i++) {","                    var lookupStr = lookups[i].join('.');","                    if (data.hasOwnProperty(lookupStr)) {","                        flattened.push(data[lookupStr])","                    }","                }","                data = flattened;","            }","            // If JSON output mode, then always just output full set of data to","            // ensure valid JSON output.","            datasets.push([data, '\\n', false]);","        } else if (lookups.length) {","            if (opts.array) {","                // Output `data` as a 'table' of lookup results.","                for (j = 0; j < data.length; j++) {","                    var row = data[j];","                    for (i = 0; i < lookups.length - 1; i++) {","                        datasets.push([row[lookups[i].join('.')],","                            opts.delim, true]);","                    }","                    datasets.push([row[lookups[i].join('.')], '\\n', true]);","                }","            } else {","                for (i = 0; i < lookups.length; i++) {","                    datasets.push([data[lookups[i].join('.')], '\\n', false]);","                }","            }","        } else if (opts.array) {","            if (!Array.isArray(data)) data = [data];","            for (j = 0; j < data.length; j++) {","                datasets.push([data[j], '\\n', false]);","            }","        } else {","            // Output `data` as is.","            datasets.push([data, '\\n', false]);","        }","        printDatasets(datasets, inPlace ? filename : undefined, headers, opts);","    }","}","","if (require.main === module) {","    // HACK guard for <https://github.com/trentm/json/issues/24>.","    // We override the `process.stdout.end` guard that core node.js puts in","    // place. The real fix is that `.end()` shouldn't be called on stdout","    // in node core. Hopefully node v0.6.9 will fix that. Only guard","    // for v0.6.0..v0.6.8.","    var nodeVer = process.versions.node.split('.').map(Number);","    if ([0, 6, 0] <= nodeVer && nodeVer <= [0, 6, 8]) {","        var stdout = process.stdout;","        stdout.end = stdout.destroy = stdout.destroySoon = function () {","            /* pass */","        };","    }","","    main(process.argv);","}",""],"l":{"11":1,"13":1,"14":1,"15":1,"16":1,"17":1,"18":1,"19":1,"20":1,"26":1,"27":1,"28":1,"31":1,"32":1,"39":1,"40":1,"41":1,"42":1,"43":1,"54":1,"55":0,"63":1,"64":0,"65":0,"66":0,"67":0,"68":0,"69":0,"70":0,"73":0,"75":0,"78":1,"79":1,"82":0,"84":1,"85":0,"86":0,"87":0,"88":0,"89":0,"91":0,"93":0,"94":0,"95":0,"96":0,"97":0,"98":0,"99":0,"101":0,"103":0,"105":0,"107":0,"109":0,"112":0,"113":0,"114":0,"116":0,"119":0,"126":1,"128":0,"129":0,"135":1,"139":1,"141":0,"142":0,"143":0,"144":0,"145":0,"146":0,"147":0,"148":0,"149":0,"150":0,"151":0,"152":0,"153":0,"154":0,"155":0,"156":0,"157":0,"158":0,"159":0,"160":0,"161":0,"162":0,"163":0,"164":0,"165":0,"166":0,"167":0,"168":0,"169":0,"170":0,"171":0,"172":0,"173":0,"174":0,"175":0,"176":0,"177":0,"178":0,"179":0,"180":0,"181":0,"182":0,"183":0,"184":0,"185":0,"186":0,"187":0,"188":0,"189":0,"190":0,"191":0,"192":0,"193":0,"194":0,"195":0,"196":0,"197":0,"198":0,"199":0,"200":0,"201":0,"202":0,"203":0,"204":0,"205":0,"206":0,"207":0,"208":0,"209":0,"210":0,"211":0,"212":0,"213":0,"214":0,"215":0,"216":0,"217":0,"218":0,"219":0,"220":0,"221":0,"222":0,"223":0,"224":0,"225":0,"226":0,"227":0,"228":0,"229":0,"230":0,"231":0,"232":0,"233":0,"234":0,"235":0,"236":0,"237":0,"238":0,"239":0,"240":0,"241":0,"242":0,"243":0,"244":0,"245":0,"246":0,"247":0,"248":0,"249":0,"250":0,"251":0,"252":0,"253":0,"254":0,"255":0,"256":0,"257":0,"258":0,"259":0,"260":0,"261":0,"262":0,"263":0,"264":0,"265":0,"282":1,"283":0,"305":0,"306":0,"307":0,"312":0,"313":0,"314":0,"315":0,"317":0,"320":0,"321":0,"322":0,"323":0,"324":0,"325":0,"326":0,"328":0,"332":0,"335":0,"337":0,"338":0,"339":0,"340":0,"341":0,"342":0,"344":0,"346":0,"347":0,"350":0,"351":0,"353":0,"354":0,"357":0,"358":0,"360":0,"361":0,"364":0,"365":0,"366":0,"368":0,"369":0,"370":0,"371":0,"372":0,"373":0,"374":0,"375":0,"376":0,"379":0,"380":0,"381":0,"383":0,"385":0,"386":0,"388":0,"389":0,"391":0,"392":0,"395":0,"396":0,"398":0,"399":0,"401":0,"402":0,"405":0,"406":0,"408":0,"409":0,"411":0,"412":0,"414":0,"415":0,"416":0,"420":0,"423":0,"424":0,"427":0,"428":0,"431":0,"432":0,"435":0,"436":0,"439":0,"440":0,"442":0,"443":0,"445":0,"446":0,"448":0,"449":0,"452":0,"453":0,"455":0,"456":0,"458":0,"459":0,"463":0,"464":0,"466":0,"467":0,"470":0,"471":0,"474":0,"475":0,"479":0,"495":1,"496":0,"497":0,"498":0,"499":0,"500":0,"502":1,"504":0,"505":0,"506":0,"507":0,"508":0,"509":0,"510":0,"512":0,"513":0,"514":0,"516":0,"518":0,"519":0,"520":0,"522":0,"525":0,"527":0,"530":0,"533":1,"536":0,"537":0,"538":0,"540":0,"541":0,"542":0,"557":0,"559":0,"589":0,"590":0,"591":0,"592":0,"593":0,"597":0,"599":0,"600":0,"603":0,"605":0,"606":0,"607":0,"608":0,"609":0,"610":0,"611":0,"613":0,"617":1,"618":0,"619":0,"620":0,"621":0,"623":0,"624":0,"626":0,"627":0,"628":0,"630":0,"631":0,"633":0,"639":0,"641":0,"643":1,"644":0,"645":0,"652":1,"653":0,"654":0,"655":0,"656":0,"658":0,"659":0,"660":0,"662":0,"663":0,"664":0,"665":0,"666":0,"668":0,"672":0,"674":0,"675":0,"676":0,"679":0,"680":0,"681":0,"682":0,"683":0,"684":0,"685":0,"686":0,"687":0,"689":0,"692":0,"705":1,"706":0,"708":0,"710":0,"711":0,"712":0,"713":0,"716":0,"717":0,"719":0,"720":0,"721":0,"722":0,"723":0,"724":0,"726":0,"728":0,"729":0,"734":0,"735":0,"736":0,"737":0,"738":0,"741":0,"744":0,"750":1,"751":0,"764":1,"765":0,"768":0,"769":0,"771":0,"772":0,"773":0,"774":0,"775":0,"776":0,"777":0,"778":0,"779":0,"780":0,"782":0,"784":0,"785":0,"786":0,"789":0,"791":0,"794":0,"795":0,"796":0,"798":0,"799":0,"800":0,"801":0,"803":0,"804":0,"806":0,"807":0,"808":0,"810":0,"812":0,"813":0,"815":0,"818":0,"819":0,"823":0,"824":0,"826":0,"827":0,"828":0,"830":0,"831":0,"833":0,"835":0,"838":0,"839":0,"841":0,"842":0,"843":0,"844":0,"846":0,"848":0,"851":0,"852":0,"854":0,"855":0,"856":0,"857":0,"859":0,"861":0,"863":0,"864":0,"867":0,"868":0,"869":0,"874":0,"875":0,"876":0,"877":0,"881":0,"882":0,"902":1,"903":0,"904":0,"907":0,"937":0,"939":0,"940":0,"942":0,"943":0,"945":0,"946":0,"947":0,"949":0,"950":0,"952":0,"953":0,"957":0,"961":0,"964":0,"966":0,"967":0,"969":0,"970":0,"971":0,"972":0,"974":0,"978":0,"979":0,"980":0,"981":0,"982":0,"983":0,"986":0,"987":1,"988":0,"989":0,"993":0,"995":0,"999":0,"1000":0,"1003":0,"1005":0,"1009":0,"1010":0,"1014":0,"1030":1,"1031":0,"1032":0,"1033":0,"1034":0,"1035":0,"1036":0,"1037":0,"1039":0,"1041":0,"1042":0,"1045":0,"1060":1,"1061":0,"1062":0,"1063":0,"1064":0,"1067":0,"1068":0,"1070":0,"1072":0,"1073":0,"1075":0,"1076":0,"1077":0,"1078":0,"1079":0,"1080":0,"1081":0,"1082":0,"1083":0,"1086":0,"1087":0,"1088":0,"1089":0,"1090":0,"1091":0,"1101":1,"1102":0,"1103":0,"1105":0,"1106":0,"1108":0,"1109":0,"1111":0,"1116":0,"1118":0,"1119":0,"1120":0,"1121":0,"1122":0,"1125":0,"1127":0,"1128":0,"1129":0,"1131":0,"1133":0,"1135":0,"1136":0,"1137":0,"1138":0,"1140":0,"1142":0,"1144":0,"1153":1,"1154":0,"1155":0,"1156":0,"1157":0,"1158":0,"1159":0,"1164":1,"1165":1,"1168":0,"1169":0,"1171":0,"1172":0,"1178":1,"1179":0,"1181":0,"1183":0,"1184":0,"1199":1,"1200":1,"1201":0,"1202":0,"1204":0,"1205":0,"1206":0,"1208":0,"1209":0,"1211":0,"1212":0,"1224":1,"1226":0,"1227":0,"1228":0,"1230":0,"1232":0,"1239":1,"1240":0,"1241":0,"1242":0,"1244":0,"1245":0,"1248":0,"1249":0,"1250":0,"1252":0,"1253":0,"1254":0,"1259":0,"1261":0,"1262":0,"1263":0,"1265":0,"1267":0,"1270":0,"1272":0,"1273":0,"1274":0,"1275":0,"1276":0,"1279":0,"1280":0,"1281":0,"1282":0,"1285":0,"1286":0,"1287":0,"1288":0,"1289":0,"1292":0,"1293":0,"1294":0,"1295":0,"1298":0,"1300":0,"1301":0,"1304":0,"1306":0,"1307":0,"1308":0,"1309":0,"1311":0,"1312":0,"1313":0,"1315":0,"1316":0,"1317":0,"1318":0,"1322":0,"1323":0,"1324":0,"1325":0,"1326":0,"1327":0,"1328":0,"1329":0,"1331":0,"1332":0,"1333":0,"1335":0,"1337":0,"1338":0,"1339":0,"1343":0,"1345":0,"1349":0,"1350":0,"1351":0,"1352":0,"1355":0,"1356":0,"1357":0,"1358":0,"1359":0,"1360":0,"1361":0,"1363":0,"1364":0,"1365":0,"1367":0,"1369":0,"1370":0,"1371":0,"1375":0,"1377":0,"1394":1,"1396":0,"1397":0,"1400":0,"1401":0,"1403":0,"1406":0,"1407":0,"1408":0,"1409":0,"1410":0,"1413":0,"1414":0,"1415":0,"1416":0,"1417":0,"1418":0,"1419":0,"1420":0,"1423":0,"1424":0,"1425":0,"1427":0,"1431":0,"1434":0,"1435":0,"1436":0,"1437":0,"1440":0,"1442":0,"1443":0,"1445":0,"1448":0,"1449":0,"1450":0,"1451":0,"1452":0,"1453":0,"1454":0,"1460":0,"1465":0,"1466":0,"1468":0,"1469":0,"1470":0,"1471":0,"1472":0,"1474":0,"1475":0,"1476":0,"1477":0,"1479":0,"1480":0,"1483":0,"1484":0,"1487":0,"1488":0,"1490":0,"1491":0,"1496":0,"1498":0,"1499":0,"1500":0,"1501":0,"1502":0,"1504":0,"1505":0,"1506":0,"1507":0,"1508":0,"1510":0,"1511":0,"1512":0,"1513":0,"1516":0,"1517":0,"1518":0,"1519":0,"1520":0,"1523":0,"1524":0,"1528":0,"1529":0,"1531":0,"1534":0,"1535":0,"1536":0,"1538":0,"1539":0,"1540":0,"1543":0,"1544":0,"1545":0,"1546":0,"1547":0,"1551":0,"1552":0,"1557":0,"1558":0,"1559":0,"1560":0,"1561":0,"1562":0,"1563":0,"1564":0,"1565":0,"1566":0,"1567":0,"1568":0,"1569":0,"1572":0,"1574":0,"1579":0,"1580":0,"1581":0,"1582":0,"1585":0,"1586":0,"1590":0,"1591":0,"1592":0,"1593":0,"1594":0,"1595":0,"1598":0,"1603":0,"1604":0,"1608":0,"1609":0,"1610":0,"1621":0,"1622":0,"1628":0,"1629":0,"1630":0,"1631":0,"1632":0,"1635":0,"1639":0,"1640":0,"1641":0,"1643":0,"1644":0,"1645":0,"1646":0,"1649":0,"1652":0,"1653":0,"1656":0,"1657":0,"1658":0,"1659":0,"1663":0,"1665":0,"1669":1,"1675":0,"1676":0,"1677":0,"1678":0,"1683":0}}}